{"/home/travis/build/npmtest/node-npmtest-mnemonist/test.js":{"path":"/home/travis/build/npmtest/node-npmtest-mnemonist/test.js","s":{"1":2,"2":2,"3":2,"4":2,"5":2,"6":2,"7":2,"8":1,"9":2,"10":2,"11":1,"12":1,"13":1,"14":1,"15":2,"16":2,"17":2,"18":2,"19":1,"20":1,"21":2,"22":2,"23":2,"24":1,"25":1,"26":1,"27":1,"28":1,"29":1,"30":1,"31":1,"32":1,"33":1,"34":1,"35":1,"36":1,"37":1,"38":1,"39":2,"40":2,"41":1,"42":2,"43":2,"44":1,"45":2,"46":2,"47":1,"48":2,"49":2,"50":1,"51":1,"52":1,"53":1,"54":1},"b":{"1":[2,1,1,1],"2":[1,1,1,1],"3":[1,1],"4":[1,1],"5":[1,1],"6":[1,1],"7":[1,1],"8":[1,1],"9":[1,1],"10":[1,1,1],"11":[1,1],"12":[1,1],"13":[1,1],"14":[1,1],"15":[1,1],"16":[1,1],"17":[1,1]},"f":{"1":2,"2":2,"3":2,"4":2,"5":2,"6":1,"7":1,"8":1,"9":2,"10":2,"11":2,"12":2,"13":1},"fnMap":{"1":{"name":"(anonymous_1)","line":12,"loc":{"start":{"line":12,"column":1},"end":{"line":12,"column":13}}},"2":{"name":"(anonymous_2)","line":19,"loc":{"start":{"line":19,"column":5},"end":{"line":19,"column":17}}},"3":{"name":"(anonymous_3)","line":23,"loc":{"start":{"line":23,"column":24},"end":{"line":23,"column":36}}},"4":{"name":"(anonymous_4)","line":61,"loc":{"start":{"line":61,"column":5},"end":{"line":61,"column":17}}},"5":{"name":"(anonymous_5)","line":82,"loc":{"start":{"line":82,"column":5},"end":{"line":82,"column":17}}},"6":{"name":"(anonymous_6)","line":91,"loc":{"start":{"line":91,"column":77},"end":{"line":94,"column":10}}},"7":{"name":"(anonymous_7)","line":112,"loc":{"start":{"line":112,"column":83},"end":{"line":115,"column":10}},"skip":true},"8":{"name":"(anonymous_8)","line":123,"loc":{"start":{"line":123,"column":77},"end":{"line":126,"column":10}},"skip":true},"9":{"name":"(anonymous_9)","line":139,"loc":{"start":{"line":139,"column":12},"end":{"line":139,"column":40}},"skip":true},"10":{"name":"(anonymous_10)","line":147,"loc":{"start":{"line":147,"column":77},"end":{"line":150,"column":10}},"skip":true},"11":{"name":"(anonymous_11)","line":158,"loc":{"start":{"line":158,"column":83},"end":{"line":161,"column":10}},"skip":true},"12":{"name":"(anonymous_12)","line":169,"loc":{"start":{"line":169,"column":79},"end":{"line":172,"column":10}},"skip":true},"13":{"name":"(anonymous_13)","line":180,"loc":{"start":{"line":180,"column":75},"end":{"line":183,"column":10}},"skip":true}},"statementMap":{"1":{"start":{"line":12,"column":0},"end":{"line":195,"column":5}},"2":{"start":{"line":14,"column":4},"end":{"line":14,"column":14}},"3":{"start":{"line":19,"column":4},"end":{"line":56,"column":9}},"4":{"start":{"line":21,"column":8},"end":{"line":21,"column":19}},"5":{"start":{"line":23,"column":8},"end":{"line":35,"column":13}},"6":{"start":{"line":24,"column":12},"end":{"line":34,"column":13}},"7":{"start":{"line":25,"column":16},"end":{"line":28,"column":30}},"8":{"start":{"line":30,"column":16},"end":{"line":33,"column":27}},"9":{"start":{"line":37,"column":8},"end":{"line":39,"column":21}},"10":{"start":{"line":40,"column":8},"end":{"line":53,"column":9}},"11":{"start":{"line":43,"column":12},"end":{"line":46,"column":14}},"12":{"start":{"line":47,"column":12},"end":{"line":47,"column":18}},"13":{"start":{"line":50,"column":12},"end":{"line":51,"column":33}},"14":{"start":{"line":52,"column":12},"end":{"line":52,"column":18}},"15":{"start":{"line":55,"column":8},"end":{"line":55,"column":35}},"16":{"start":{"line":61,"column":4},"end":{"line":63,"column":9}},"17":{"start":{"line":62,"column":8},"end":{"line":62,"column":15}},"18":{"start":{"line":64,"column":4},"end":{"line":77,"column":5}},"19":{"start":{"line":70,"column":8},"end":{"line":70,"column":14}},"20":{"start":{"line":76,"column":8},"end":{"line":76,"column":14}},"21":{"start":{"line":82,"column":4},"end":{"line":84,"column":9}},"22":{"start":{"line":83,"column":8},"end":{"line":83,"column":15}},"23":{"start":{"line":85,"column":4},"end":{"line":194,"column":5}},"24":{"start":{"line":91,"column":8},"end":{"line":99,"column":10}},"25":{"start":{"line":98,"column":12},"end":{"line":98,"column":35}},"26":{"start":{"line":102,"column":8},"end":{"line":104,"column":63}},"27":{"start":{"line":105,"column":8},"end":{"line":105,"column":14}},"28":{"start":{"line":112,"column":8},"end":{"line":121,"column":10},"skip":true},"29":{"start":{"line":119,"column":12},"end":{"line":119,"column":55},"skip":true},"30":{"start":{"line":120,"column":12},"end":{"line":120,"column":48},"skip":true},"31":{"start":{"line":123,"column":8},"end":{"line":136,"column":10},"skip":true},"32":{"start":{"line":130,"column":12},"end":{"line":130,"column":76},"skip":true},"33":{"start":{"line":131,"column":12},"end":{"line":131,"column":73},"skip":true},"34":{"start":{"line":132,"column":12},"end":{"line":132,"column":74},"skip":true},"35":{"start":{"line":133,"column":12},"end":{"line":133,"column":79},"skip":true},"36":{"start":{"line":134,"column":12},"end":{"line":134,"column":25},"skip":true},"37":{"start":{"line":135,"column":12},"end":{"line":135,"column":45},"skip":true},"38":{"start":{"line":138,"column":8},"end":{"line":145,"column":14},"skip":true},"39":{"start":{"line":143,"column":16},"end":{"line":143,"column":29},"skip":true},"40":{"start":{"line":144,"column":16},"end":{"line":144,"column":55},"skip":true},"41":{"start":{"line":147,"column":8},"end":{"line":156,"column":10},"skip":true},"42":{"start":{"line":154,"column":12},"end":{"line":154,"column":25},"skip":true},"43":{"start":{"line":155,"column":12},"end":{"line":155,"column":45},"skip":true},"44":{"start":{"line":158,"column":8},"end":{"line":167,"column":10},"skip":true},"45":{"start":{"line":165,"column":12},"end":{"line":165,"column":25},"skip":true},"46":{"start":{"line":166,"column":12},"end":{"line":166,"column":48},"skip":true},"47":{"start":{"line":169,"column":8},"end":{"line":178,"column":10},"skip":true},"48":{"start":{"line":176,"column":12},"end":{"line":176,"column":25},"skip":true},"49":{"start":{"line":177,"column":12},"end":{"line":177,"column":46},"skip":true},"50":{"start":{"line":180,"column":8},"end":{"line":189,"column":10},"skip":true},"51":{"start":{"line":187,"column":12},"end":{"line":187,"column":94},"skip":true},"52":{"start":{"line":188,"column":12},"end":{"line":188,"column":48},"skip":true},"53":{"start":{"line":192,"column":8},"end":{"line":192,"column":35},"skip":true},"54":{"start":{"line":193,"column":8},"end":{"line":193,"column":14},"skip":true}},"branchMap":{"1":{"line":25,"type":"binary-expr","locations":[{"start":{"line":25,"column":23},"end":{"line":25,"column":62}},{"start":{"line":26,"column":20},"end":{"line":26,"column":70}},{"start":{"line":27,"column":20},"end":{"line":27,"column":71}},{"start":{"line":28,"column":20},"end":{"line":28,"column":29}}]},"2":{"line":30,"type":"binary-expr","locations":[{"start":{"line":30,"column":23},"end":{"line":30,"column":37}},{"start":{"line":31,"column":20},"end":{"line":31,"column":61}},{"start":{"line":32,"column":20},"end":{"line":32,"column":70}},{"start":{"line":33,"column":20},"end":{"line":33,"column":26}}]},"3":{"line":37,"type":"cond-expr","locations":[{"start":{"line":38,"column":14},"end":{"line":38,"column":20}},{"start":{"line":39,"column":14},"end":{"line":39,"column":20}}]},"4":{"line":40,"type":"switch","locations":[{"start":{"line":42,"column":8},"end":{"line":47,"column":18}},{"start":{"line":49,"column":8},"end":{"line":52,"column":18}}]},"5":{"line":44,"type":"binary-expr","locations":[{"start":{"line":44,"column":16},"end":{"line":44,"column":44}},{"start":{"line":44,"column":48},"end":{"line":44,"column":66}}]},"6":{"line":50,"type":"binary-expr","locations":[{"start":{"line":50,"column":21},"end":{"line":50,"column":49}},{"start":{"line":50,"column":53},"end":{"line":50,"column":72}}]},"7":{"line":64,"type":"switch","locations":[{"start":{"line":69,"column":4},"end":{"line":70,"column":14}},{"start":{"line":75,"column":4},"end":{"line":76,"column":14}}]},"8":{"line":85,"type":"switch","locations":[{"start":{"line":90,"column":4},"end":{"line":105,"column":14}},{"start":{"line":111,"column":4},"end":{"line":193,"column":14},"skip":true}]},"9":{"line":91,"type":"binary-expr","locations":[{"start":{"line":91,"column":42},"end":{"line":91,"column":73}},{"start":{"line":91,"column":77},"end":{"line":99,"column":9}}]},"10":{"line":102,"type":"binary-expr","locations":[{"start":{"line":102,"column":18},"end":{"line":102,"column":32}},{"start":{"line":103,"column":12},"end":{"line":103,"column":53}},{"start":{"line":104,"column":12},"end":{"line":104,"column":61}}]},"11":{"line":112,"type":"binary-expr","locations":[{"start":{"line":112,"column":45},"end":{"line":112,"column":79},"skip":true},{"start":{"line":112,"column":83},"end":{"line":121,"column":9},"skip":true}]},"12":{"line":123,"type":"binary-expr","locations":[{"start":{"line":123,"column":42},"end":{"line":123,"column":73},"skip":true},{"start":{"line":123,"column":77},"end":{"line":136,"column":9},"skip":true}]},"13":{"line":138,"type":"binary-expr","locations":[{"start":{"line":138,"column":48},"end":{"line":138,"column":85},"skip":true},{"start":{"line":139,"column":12},"end":{"line":145,"column":13},"skip":true}]},"14":{"line":147,"type":"binary-expr","locations":[{"start":{"line":147,"column":42},"end":{"line":147,"column":73},"skip":true},{"start":{"line":147,"column":77},"end":{"line":156,"column":9},"skip":true}]},"15":{"line":158,"type":"binary-expr","locations":[{"start":{"line":158,"column":45},"end":{"line":158,"column":79},"skip":true},{"start":{"line":158,"column":83},"end":{"line":167,"column":9},"skip":true}]},"16":{"line":169,"type":"binary-expr","locations":[{"start":{"line":169,"column":43},"end":{"line":169,"column":75},"skip":true},{"start":{"line":169,"column":79},"end":{"line":178,"column":9},"skip":true}]},"17":{"line":180,"type":"binary-expr","locations":[{"start":{"line":180,"column":41},"end":{"line":180,"column":71},"skip":true},{"start":{"line":180,"column":75},"end":{"line":189,"column":9},"skip":true}]}},"code":["/* istanbul instrument in package npmtest_mnemonist */","/*jslint","    bitwise: true,","    browser: true,","    maxerr: 8,","    maxlen: 96,","    node: true,","    nomen: true,","    regexp: true,","    stupid: true","*/","(function () {","    'use strict';","    var local;","","","","    // run shared js-env code - pre-init","    (function () {","        // init local","        local = {};","        // init modeJs","        local.modeJs = (function () {","            try {","                return typeof navigator.userAgent === 'string' &&","                    typeof document.querySelector('body') === 'object' &&","                    typeof XMLHttpRequest.prototype.open === 'function' &&","                    'browser';","            } catch (errorCaughtBrowser) {","                return module.exports &&","                    typeof process.versions.node === 'string' &&","                    typeof require('http').createServer === 'function' &&","                    'node';","            }","        }());","        // init global","        local.global = local.modeJs === 'browser'","            ? window","            : global;","        switch (local.modeJs) {","        // re-init local from window.local","        case 'browser':","            local = local.global.utility2.objectSetDefault(","                local.global.utility2_rollup || local.global.local,","                local.global.utility2","            );","            break;","        // re-init local from example.js","        case 'node':","            local = (local.global.utility2_rollup || require('utility2'))","                .requireReadme();","            break;","        }","        // export local","        local.global.local = local;","    }());","","","","    // run shared js-env code - function","    (function () {","        return;","    }());","    switch (local.modeJs) {","","","","    // run browser js-env code - function","    case 'browser':","        break;","","","","    // run node js-env code - function","    case 'node':","        break;","    }","","","","    // run shared js-env code - post-init","    (function () {","        return;","    }());","    switch (local.modeJs) {","","","","    // run browser js-env code - post-init","    case 'browser':","        local.testCase_browser_nullCase = local.testCase_browser_nullCase || function (","            options,","            onError","        ) {","        /*","         * this function will test browsers's null-case handling-behavior-behavior","         */","            onError(null, options);","        };","","        // run tests","        local.nop(local.modeTest &&","            document.querySelector('#testRunButton1') &&","            document.querySelector('#testRunButton1').click());","        break;","","","","    // run node js-env code - post-init","    /* istanbul ignore next */","    case 'node':","        local.testCase_buildApidoc_default = local.testCase_buildApidoc_default || function (","            options,","            onError","        ) {","        /*","         * this function will test buildApidoc's default handling-behavior-behavior","         */","            options = { modulePathList: module.paths };","            local.buildApidoc(options, onError);","        };","","        local.testCase_buildApp_default = local.testCase_buildApp_default || function (","            options,","            onError","        ) {","        /*","         * this function will test buildApp's default handling-behavior-behavior","         */","            local.testCase_buildReadme_default(options, local.onErrorThrow);","            local.testCase_buildLib_default(options, local.onErrorThrow);","            local.testCase_buildTest_default(options, local.onErrorThrow);","            local.testCase_buildCustomOrg_default(options, local.onErrorThrow);","            options = [];","            local.buildApp(options, onError);","        };","","        local.testCase_buildCustomOrg_default = local.testCase_buildCustomOrg_default ||","            function (options, onError) {","            /*","             * this function will test buildCustomOrg's default handling-behavior","             */","                options = {};","                local.buildCustomOrg(options, onError);","            };","","        local.testCase_buildLib_default = local.testCase_buildLib_default || function (","            options,","            onError","        ) {","        /*","         * this function will test buildLib's default handling-behavior","         */","            options = {};","            local.buildLib(options, onError);","        };","","        local.testCase_buildReadme_default = local.testCase_buildReadme_default || function (","            options,","            onError","        ) {","        /*","         * this function will test buildReadme's default handling-behavior-behavior","         */","            options = {};","            local.buildReadme(options, onError);","        };","","        local.testCase_buildTest_default = local.testCase_buildTest_default || function (","            options,","            onError","        ) {","        /*","         * this function will test buildTest's default handling-behavior","         */","            options = {};","            local.buildTest(options, onError);","        };","","        local.testCase_webpage_default = local.testCase_webpage_default || function (","            options,","            onError","        ) {","        /*","         * this function will test webpage's default handling-behavior","         */","            options = { modeCoverageMerge: true, url: local.serverLocalHost + '?modeTest=1' };","            local.browserTest(options, onError);","        };","","        // run test-server","        local.testRunServer(local);","        break;","    }","}());",""],"l":{"12":2,"14":2,"19":2,"21":2,"23":2,"24":2,"25":2,"30":1,"37":2,"40":2,"43":1,"47":1,"50":1,"52":1,"55":2,"61":2,"62":2,"64":2,"70":1,"76":1,"82":2,"83":2,"85":2,"91":1,"98":1,"102":1,"105":1,"112":1,"119":1,"120":1,"123":1,"130":1,"131":1,"132":1,"133":1,"134":1,"135":1,"138":1,"143":2,"144":2,"147":1,"154":2,"155":2,"158":1,"165":2,"166":2,"169":1,"176":2,"177":2,"180":1,"187":1,"188":1,"192":1,"193":1}},"/home/travis/build/npmtest/node-npmtest-mnemonist/lib.npmtest_mnemonist.js":{"path":"/home/travis/build/npmtest/node-npmtest-mnemonist/lib.npmtest_mnemonist.js","s":{"1":2,"2":2,"3":2,"4":2,"5":2,"6":2,"7":2,"8":1,"9":2,"10":2,"11":2,"12":2,"13":1,"14":1,"15":1,"16":1},"b":{"1":[2,1,1,1],"2":[1,1,1,1],"3":[1,1],"4":[2,2],"5":[1,1]},"f":{"1":2,"2":2,"3":2},"fnMap":{"1":{"name":"(anonymous_1)","line":12,"loc":{"start":{"line":12,"column":1},"end":{"line":12,"column":13}}},"2":{"name":"(anonymous_2)","line":19,"loc":{"start":{"line":19,"column":5},"end":{"line":19,"column":17}}},"3":{"name":"(anonymous_3)","line":23,"loc":{"start":{"line":23,"column":24},"end":{"line":23,"column":36}}}},"statementMap":{"1":{"start":{"line":12,"column":0},"end":{"line":53,"column":5}},"2":{"start":{"line":14,"column":4},"end":{"line":14,"column":14}},"3":{"start":{"line":19,"column":4},"end":{"line":52,"column":9}},"4":{"start":{"line":21,"column":8},"end":{"line":21,"column":19}},"5":{"start":{"line":23,"column":8},"end":{"line":35,"column":13}},"6":{"start":{"line":24,"column":12},"end":{"line":34,"column":13}},"7":{"start":{"line":25,"column":16},"end":{"line":28,"column":30}},"8":{"start":{"line":30,"column":16},"end":{"line":33,"column":27}},"9":{"start":{"line":37,"column":8},"end":{"line":39,"column":21}},"10":{"start":{"line":41,"column":8},"end":{"line":41,"column":54}},"11":{"start":{"line":43,"column":8},"end":{"line":43,"column":54}},"12":{"start":{"line":45,"column":8},"end":{"line":51,"column":9}},"13":{"start":{"line":46,"column":12},"end":{"line":46,"column":60}},"14":{"start":{"line":48,"column":12},"end":{"line":48,"column":35}},"15":{"start":{"line":49,"column":12},"end":{"line":49,"column":49}},"16":{"start":{"line":50,"column":12},"end":{"line":50,"column":43}}},"branchMap":{"1":{"line":25,"type":"binary-expr","locations":[{"start":{"line":25,"column":23},"end":{"line":25,"column":62}},{"start":{"line":26,"column":20},"end":{"line":26,"column":70}},{"start":{"line":27,"column":20},"end":{"line":27,"column":71}},{"start":{"line":28,"column":20},"end":{"line":28,"column":29}}]},"2":{"line":30,"type":"binary-expr","locations":[{"start":{"line":30,"column":23},"end":{"line":30,"column":37}},{"start":{"line":31,"column":20},"end":{"line":31,"column":61}},{"start":{"line":32,"column":20},"end":{"line":32,"column":70}},{"start":{"line":33,"column":20},"end":{"line":33,"column":26}}]},"3":{"line":37,"type":"cond-expr","locations":[{"start":{"line":38,"column":14},"end":{"line":38,"column":20}},{"start":{"line":39,"column":14},"end":{"line":39,"column":20}}]},"4":{"line":41,"type":"binary-expr","locations":[{"start":{"line":41,"column":16},"end":{"line":41,"column":44}},{"start":{"line":41,"column":48},"end":{"line":41,"column":53}}]},"5":{"line":45,"type":"if","locations":[{"start":{"line":45,"column":8},"end":{"line":45,"column":8}},{"start":{"line":45,"column":8},"end":{"line":45,"column":8}}]}},"code":["/* istanbul instrument in package npmtest_mnemonist */","/*jslint","    bitwise: true,","    browser: true,","    maxerr: 8,","    maxlen: 96,","    node: true,","    nomen: true,","    regexp: true,","    stupid: true","*/","(function () {","    'use strict';","    var local;","","","","    // run shared js-env code - pre-init","    (function () {","        // init local","        local = {};","        // init modeJs","        local.modeJs = (function () {","            try {","                return typeof navigator.userAgent === 'string' &&","                    typeof document.querySelector('body') === 'object' &&","                    typeof XMLHttpRequest.prototype.open === 'function' &&","                    'browser';","            } catch (errorCaughtBrowser) {","                return module.exports &&","                    typeof process.versions.node === 'string' &&","                    typeof require('http').createServer === 'function' &&","                    'node';","            }","        }());","        // init global","        local.global = local.modeJs === 'browser'","            ? window","            : global;","        // init utility2_rollup","        local = local.global.utility2_rollup || local;","        // init lib","        local.local = local.npmtest_mnemonist = local;","        // init exports","        if (local.modeJs === 'browser') {","            local.global.utility2_npmtest_mnemonist = local;","        } else {","            module.exports = local;","            module.exports.__dirname = __dirname;","            module.exports.module = module;","        }","    }());","}());",""],"l":{"12":2,"14":2,"19":2,"21":2,"23":2,"24":2,"25":2,"30":1,"37":2,"41":2,"43":2,"45":2,"46":1,"48":1,"49":1,"50":1}},"/home/travis/build/npmtest/node-npmtest-mnemonist/example.js":{"path":"/home/travis/build/npmtest/node-npmtest-mnemonist/example.js","s":{"1":2,"2":2,"3":2,"4":2,"5":2,"6":2,"7":2,"8":1,"9":2,"10":2,"11":2,"12":2,"13":1,"14":2,"15":2,"16":2,"17":2,"18":2,"19":0,"20":2,"21":1,"22":1,"23":1,"24":1,"25":1,"26":0,"27":0,"28":1,"29":1,"30":2,"31":0,"32":0,"33":0,"34":1,"35":2,"36":2,"37":3,"38":3,"39":3,"40":3,"41":0,"42":3,"43":3,"44":3,"45":1,"46":3,"47":1,"48":1,"49":1,"50":1,"51":1,"52":1,"53":1,"54":1,"55":1,"56":1,"57":0,"58":1,"59":6,"60":6,"61":1,"62":2,"63":0,"64":2,"65":1,"66":1,"67":0,"68":0,"69":0,"70":0,"71":0,"72":0,"73":0,"74":0,"75":0,"76":0,"77":0,"78":0,"79":0,"80":0,"81":0,"82":0,"83":0},"b":{"1":[2,1,1,1],"2":[1,1,1,1],"3":[1,1],"4":[2,2],"5":[1,1],"6":[1,1],"7":[2,0],"8":[2,1,1,1,1,1],"9":[0,2,0],"10":[1,1],"11":[2,1,1],"12":[1,0],"13":[0,2],"14":[2,0,0,0,0,0,0],"15":[0,3],"16":[3,0],"17":[1,1],"18":[0,1],"19":[1,2,0,2],"20":[1,0],"21":[1,1],"22":[0,0],"23":[0,0],"24":[0,0],"25":[0,0],"26":[0,0],"27":[0,0],"28":[0,0]},"f":{"1":2,"2":2,"3":2,"4":2,"5":2,"6":2,"7":3,"8":3,"9":3,"10":1,"11":6,"12":0},"fnMap":{"1":{"name":"(anonymous_1)","line":26,"loc":{"start":{"line":26,"column":1},"end":{"line":26,"column":13}}},"2":{"name":"(anonymous_2)","line":33,"loc":{"start":{"line":33,"column":5},"end":{"line":33,"column":17}}},"3":{"name":"(anonymous_3)","line":37,"loc":{"start":{"line":37,"column":24},"end":{"line":37,"column":36}}},"4":{"name":"(anonymous_4)","line":69,"loc":{"start":{"line":69,"column":31},"end":{"line":69,"column":48}},"skip":true},"5":{"name":"(anonymous_5)","line":78,"loc":{"start":{"line":78,"column":26},"end":{"line":78,"column":45}},"skip":true},"6":{"name":"(anonymous_6)","line":123,"loc":{"start":{"line":123,"column":33},"end":{"line":123,"column":48}},"skip":true},"7":{"name":"(anonymous_7)","line":125,"loc":{"start":{"line":125,"column":27},"end":{"line":125,"column":39}},"skip":true},"8":{"name":"(anonymous_8)","line":133,"loc":{"start":{"line":133,"column":59},"end":{"line":133,"column":74}},"skip":true},"9":{"name":"(anonymous_9)","line":143,"loc":{"start":{"line":143,"column":45},"end":{"line":143,"column":62}},"skip":true},"10":{"name":"(anonymous_10)","line":144,"loc":{"start":{"line":144,"column":73},"end":{"line":144,"column":92}},"skip":true},"11":{"name":"(anonymous_11)","line":272,"loc":{"start":{"line":272,"column":51},"end":{"line":272,"column":77}},"skip":true},"12":{"name":"(anonymous_12)","line":315,"loc":{"start":{"line":315,"column":32},"end":{"line":315,"column":61}},"skip":true}},"statementMap":{"1":{"start":{"line":26,"column":0},"end":{"line":326,"column":5}},"2":{"start":{"line":28,"column":4},"end":{"line":28,"column":14}},"3":{"start":{"line":33,"column":4},"end":{"line":60,"column":9}},"4":{"start":{"line":35,"column":8},"end":{"line":35,"column":19}},"5":{"start":{"line":37,"column":8},"end":{"line":49,"column":13}},"6":{"start":{"line":38,"column":12},"end":{"line":48,"column":13}},"7":{"start":{"line":39,"column":16},"end":{"line":42,"column":30}},"8":{"start":{"line":44,"column":16},"end":{"line":47,"column":27}},"9":{"start":{"line":51,"column":8},"end":{"line":53,"column":21}},"10":{"start":{"line":55,"column":8},"end":{"line":57,"column":45}},"11":{"start":{"line":59,"column":8},"end":{"line":59,"column":35}},"12":{"start":{"line":61,"column":4},"end":{"line":325,"column":5}},"13":{"start":{"line":69,"column":8},"end":{"line":121,"column":10},"skip":true},"14":{"start":{"line":70,"column":12},"end":{"line":88,"column":13},"skip":true},"15":{"start":{"line":76,"column":16},"end":{"line":87,"column":19},"skip":true},"16":{"start":{"line":79,"column":20},"end":{"line":86,"column":21},"skip":true},"17":{"start":{"line":82,"column":24},"end":{"line":82,"column":43},"skip":true},"18":{"start":{"line":83,"column":24},"end":{"line":83,"column":30},"skip":true},"19":{"start":{"line":85,"column":24},"end":{"line":85,"column":49},"skip":true},"20":{"start":{"line":89,"column":12},"end":{"line":107,"column":13},"skip":true},"21":{"start":{"line":92,"column":16},"end":{"line":102,"column":17},"skip":true},"22":{"start":{"line":93,"column":20},"end":{"line":93,"column":86},"skip":true},"23":{"start":{"line":94,"column":20},"end":{"line":95,"column":45},"skip":true},"24":{"start":{"line":96,"column":20},"end":{"line":96,"column":42},"skip":true},"25":{"start":{"line":97,"column":20},"end":{"line":97,"column":48},"skip":true},"26":{"start":{"line":100,"column":20},"end":{"line":100,"column":85},"skip":true},"27":{"start":{"line":101,"column":20},"end":{"line":101,"column":96},"skip":true},"28":{"start":{"line":103,"column":16},"end":{"line":103,"column":22},"skip":true},"29":{"start":{"line":106,"column":16},"end":{"line":106,"column":22},"skip":true},"30":{"start":{"line":108,"column":12},"end":{"line":120,"column":13},"skip":true},"31":{"start":{"line":114,"column":16},"end":{"line":119,"column":17},"skip":true},"32":{"start":{"line":116,"column":20},"end":{"line":116,"column":78},"skip":true},"33":{"start":{"line":118,"column":20},"end":{"line":118,"column":47},"skip":true},"34":{"start":{"line":123,"column":8},"end":{"line":141,"column":11},"skip":true},"35":{"start":{"line":124,"column":12},"end":{"line":124,"column":54},"skip":true},"36":{"start":{"line":125,"column":12},"end":{"line":140,"column":14},"skip":true},"37":{"start":{"line":126,"column":16},"end":{"line":126,"column":28},"skip":true},"38":{"start":{"line":127,"column":16},"end":{"line":127,"column":69},"skip":true},"39":{"start":{"line":128,"column":16},"end":{"line":128,"column":75},"skip":true},"40":{"start":{"line":129,"column":16},"end":{"line":131,"column":17},"skip":true},"41":{"start":{"line":130,"column":20},"end":{"line":130,"column":27},"skip":true},"42":{"start":{"line":133,"column":16},"end":{"line":137,"column":36},"skip":true},"43":{"start":{"line":134,"column":20},"end":{"line":136,"column":55},"skip":true},"44":{"start":{"line":139,"column":16},"end":{"line":139,"column":57},"skip":true},"45":{"start":{"line":143,"column":8},"end":{"line":147,"column":11},"skip":true},"46":{"start":{"line":144,"column":12},"end":{"line":146,"column":15},"skip":true},"47":{"start":{"line":145,"column":16},"end":{"line":145,"column":70},"skip":true},"48":{"start":{"line":149,"column":8},"end":{"line":149,"column":31},"skip":true},"49":{"start":{"line":150,"column":8},"end":{"line":150,"column":14},"skip":true},"50":{"start":{"line":158,"column":8},"end":{"line":158,"column":31},"skip":true},"51":{"start":{"line":160,"column":8},"end":{"line":160,"column":33},"skip":true},"52":{"start":{"line":161,"column":8},"end":{"line":161,"column":37},"skip":true},"53":{"start":{"line":162,"column":8},"end":{"line":162,"column":35},"skip":true},"54":{"start":{"line":164,"column":8},"end":{"line":164,"column":50},"skip":true},"55":{"start":{"line":166,"column":8},"end":{"line":256,"column":2},"skip":true},"56":{"start":{"line":258,"column":8},"end":{"line":286,"column":9},"skip":true},"57":{"start":{"line":259,"column":12},"end":{"line":269,"column":14},"skip":true},"58":{"start":{"line":271,"column":12},"end":{"line":285,"column":19},"skip":true},"59":{"start":{"line":274,"column":20},"end":{"line":274,"column":35},"skip":true},"60":{"start":{"line":275,"column":20},"end":{"line":284,"column":21},"skip":true},"61":{"start":{"line":277,"column":24},"end":{"line":277,"column":64},"skip":true},"62":{"start":{"line":279,"column":24},"end":{"line":279,"column":40},"skip":true},"63":{"start":{"line":281,"column":24},"end":{"line":281,"column":40},"skip":true},"64":{"start":{"line":283,"column":24},"end":{"line":283,"column":39},"skip":true},"65":{"start":{"line":288,"column":8},"end":{"line":290,"column":9},"skip":true},"66":{"start":{"line":289,"column":12},"end":{"line":289,"column":18},"skip":true},"67":{"start":{"line":291,"column":8},"end":{"line":293,"column":54},"skip":true},"68":{"start":{"line":296,"column":8},"end":{"line":301,"column":37},"skip":true},"69":{"start":{"line":303,"column":8},"end":{"line":303,"column":82},"skip":true},"70":{"start":{"line":306,"column":8},"end":{"line":308,"column":9},"skip":true},"71":{"start":{"line":307,"column":12},"end":{"line":307,"column":82},"skip":true},"72":{"start":{"line":310,"column":8},"end":{"line":312,"column":9},"skip":true},"73":{"start":{"line":311,"column":12},"end":{"line":311,"column":18},"skip":true},"74":{"start":{"line":313,"column":8},"end":{"line":313,"column":54},"skip":true},"75":{"start":{"line":314,"column":8},"end":{"line":314,"column":69},"skip":true},"76":{"start":{"line":315,"column":8},"end":{"line":323,"column":36},"skip":true},"77":{"start":{"line":316,"column":12},"end":{"line":316,"column":61},"skip":true},"78":{"start":{"line":317,"column":12},"end":{"line":320,"column":13},"skip":true},"79":{"start":{"line":318,"column":16},"end":{"line":318,"column":75},"skip":true},"80":{"start":{"line":319,"column":16},"end":{"line":319,"column":23},"skip":true},"81":{"start":{"line":321,"column":12},"end":{"line":321,"column":38},"skip":true},"82":{"start":{"line":322,"column":12},"end":{"line":322,"column":27},"skip":true},"83":{"start":{"line":324,"column":8},"end":{"line":324,"column":14},"skip":true}},"branchMap":{"1":{"line":39,"type":"binary-expr","locations":[{"start":{"line":39,"column":23},"end":{"line":39,"column":62}},{"start":{"line":40,"column":20},"end":{"line":40,"column":70}},{"start":{"line":41,"column":20},"end":{"line":41,"column":71}},{"start":{"line":42,"column":20},"end":{"line":42,"column":29}}]},"2":{"line":44,"type":"binary-expr","locations":[{"start":{"line":44,"column":23},"end":{"line":44,"column":37}},{"start":{"line":45,"column":20},"end":{"line":45,"column":61}},{"start":{"line":46,"column":20},"end":{"line":46,"column":70}},{"start":{"line":47,"column":20},"end":{"line":47,"column":26}}]},"3":{"line":51,"type":"cond-expr","locations":[{"start":{"line":52,"column":14},"end":{"line":52,"column":20}},{"start":{"line":53,"column":14},"end":{"line":53,"column":20}}]},"4":{"line":55,"type":"binary-expr","locations":[{"start":{"line":55,"column":16},"end":{"line":55,"column":44}},{"start":{"line":55,"column":49},"end":{"line":57,"column":43}}]},"5":{"line":55,"type":"cond-expr","locations":[{"start":{"line":56,"column":14},"end":{"line":56,"column":53}},{"start":{"line":57,"column":14},"end":{"line":57,"column":43}}]},"6":{"line":61,"type":"switch","locations":[{"start":{"line":68,"column":4},"end":{"line":150,"column":14},"skip":true},{"start":{"line":156,"column":4},"end":{"line":324,"column":14},"skip":true}]},"7":{"line":70,"type":"if","locations":[{"start":{"line":70,"column":12},"end":{"line":70,"column":12},"skip":true},{"start":{"line":70,"column":12},"end":{"line":70,"column":12},"skip":true}]},"8":{"line":70,"type":"binary-expr","locations":[{"start":{"line":70,"column":16},"end":{"line":70,"column":22},"skip":true},{"start":{"line":70,"column":27},"end":{"line":70,"column":32},"skip":true},{"start":{"line":71,"column":20},"end":{"line":71,"column":39},"skip":true},{"start":{"line":72,"column":20},"end":{"line":72,"column":49},"skip":true},{"start":{"line":73,"column":20},"end":{"line":73,"column":58},"skip":true},{"start":{"line":74,"column":20},"end":{"line":74,"column":69},"skip":true}]},"9":{"line":79,"type":"switch","locations":[{"start":{"line":80,"column":20},"end":{"line":80,"column":33},"skip":true},{"start":{"line":81,"column":20},"end":{"line":83,"column":30},"skip":true},{"start":{"line":84,"column":20},"end":{"line":85,"column":49},"skip":true}]},"10":{"line":89,"type":"switch","locations":[{"start":{"line":90,"column":12},"end":{"line":103,"column":22},"skip":true},{"start":{"line":105,"column":12},"end":{"line":106,"column":22},"skip":true}]},"11":{"line":89,"type":"binary-expr","locations":[{"start":{"line":89,"column":20},"end":{"line":89,"column":25},"skip":true},{"start":{"line":89,"column":29},"end":{"line":89,"column":48},"skip":true},{"start":{"line":89,"column":52},"end":{"line":89,"column":74},"skip":true}]},"12":{"line":92,"type":"if","locations":[{"start":{"line":92,"column":16},"end":{"line":92,"column":16},"skip":true},{"start":{"line":92,"column":16},"end":{"line":92,"column":16},"skip":true}]},"13":{"line":108,"type":"if","locations":[{"start":{"line":108,"column":12},"end":{"line":108,"column":12},"skip":true},{"start":{"line":108,"column":12},"end":{"line":108,"column":12},"skip":true}]},"14":{"line":108,"type":"binary-expr","locations":[{"start":{"line":108,"column":16},"end":{"line":108,"column":61},"skip":true},{"start":{"line":108,"column":66},"end":{"line":108,"column":72},"skip":true},{"start":{"line":108,"column":77},"end":{"line":108,"column":82},"skip":true},{"start":{"line":109,"column":20},"end":{"line":109,"column":39},"skip":true},{"start":{"line":110,"column":20},"end":{"line":110,"column":49},"skip":true},{"start":{"line":111,"column":20},"end":{"line":111,"column":58},"skip":true},{"start":{"line":112,"column":20},"end":{"line":112,"column":68},"skip":true}]},"15":{"line":129,"type":"if","locations":[{"start":{"line":129,"column":16},"end":{"line":129,"column":16},"skip":true},{"start":{"line":129,"column":16},"end":{"line":129,"column":16},"skip":true}]},"16":{"line":134,"type":"cond-expr","locations":[{"start":{"line":135,"column":26},"end":{"line":135,"column":29},"skip":true},{"start":{"line":136,"column":26},"end":{"line":136,"column":54},"skip":true}]},"17":{"line":164,"type":"binary-expr","locations":[{"start":{"line":164,"column":27},"end":{"line":164,"column":43},"skip":true},{"start":{"line":164,"column":47},"end":{"line":164,"column":49},"skip":true}]},"18":{"line":258,"type":"if","locations":[{"start":{"line":258,"column":8},"end":{"line":258,"column":8},"skip":true},{"start":{"line":258,"column":8},"end":{"line":258,"column":8},"skip":true}]},"19":{"line":275,"type":"switch","locations":[{"start":{"line":276,"column":20},"end":{"line":277,"column":64},"skip":true},{"start":{"line":278,"column":20},"end":{"line":279,"column":40},"skip":true},{"start":{"line":280,"column":20},"end":{"line":281,"column":40},"skip":true},{"start":{"line":282,"column":20},"end":{"line":283,"column":39},"skip":true}]},"20":{"line":288,"type":"if","locations":[{"start":{"line":288,"column":8},"end":{"line":288,"column":8},"skip":true},{"start":{"line":288,"column":8},"end":{"line":288,"column":8},"skip":true}]},"21":{"line":288,"type":"binary-expr","locations":[{"start":{"line":288,"column":12},"end":{"line":288,"column":40},"skip":true},{"start":{"line":288,"column":44},"end":{"line":288,"column":67},"skip":true}]},"22":{"line":292,"type":"binary-expr","locations":[{"start":{"line":292,"column":12},"end":{"line":292,"column":50},"skip":true},{"start":{"line":293,"column":12},"end":{"line":293,"column":53},"skip":true}]},"23":{"line":297,"type":"binary-expr","locations":[{"start":{"line":297,"column":12},"end":{"line":297,"column":67},"skip":true},{"start":{"line":298,"column":12},"end":{"line":301,"column":36},"skip":true}]},"24":{"line":303,"type":"binary-expr","locations":[{"start":{"line":303,"column":43},"end":{"line":303,"column":75},"skip":true},{"start":{"line":303,"column":79},"end":{"line":303,"column":81},"skip":true}]},"25":{"line":306,"type":"if","locations":[{"start":{"line":306,"column":8},"end":{"line":306,"column":8},"skip":true},{"start":{"line":306,"column":8},"end":{"line":306,"column":8},"skip":true}]},"26":{"line":310,"type":"if","locations":[{"start":{"line":310,"column":8},"end":{"line":310,"column":8},"skip":true},{"start":{"line":310,"column":8},"end":{"line":310,"column":8},"skip":true}]},"27":{"line":313,"type":"binary-expr","locations":[{"start":{"line":313,"column":27},"end":{"line":313,"column":43},"skip":true},{"start":{"line":313,"column":47},"end":{"line":313,"column":53},"skip":true}]},"28":{"line":317,"type":"if","locations":[{"start":{"line":317,"column":12},"end":{"line":317,"column":12},"skip":true},{"start":{"line":317,"column":12},"end":{"line":317,"column":12},"skip":true}]}},"code":["/*","example.js","","quickstart example","","instruction","    1. save this script as example.js","    2. run the shell command:","        $ npm install npmtest-mnemonist && PORT=8081 node example.js","    3. play with the browser-demo on http://127.0.0.1:8081","*/","","","","/* istanbul instrument in package npmtest_mnemonist */","/*jslint","    bitwise: true,","    browser: true,","    maxerr: 8,","    maxlen: 96,","    node: true,","    nomen: true,","    regexp: true,","    stupid: true","*/","(function () {","    'use strict';","    var local;","","","","    // run shared js-env code - pre-init","    (function () {","        // init local","        local = {};","        // init modeJs","        local.modeJs = (function () {","            try {","                return typeof navigator.userAgent === 'string' &&","                    typeof document.querySelector('body') === 'object' &&","                    typeof XMLHttpRequest.prototype.open === 'function' &&","                    'browser';","            } catch (errorCaughtBrowser) {","                return module.exports &&","                    typeof process.versions.node === 'string' &&","                    typeof require('http').createServer === 'function' &&","                    'node';","            }","        }());","        // init global","        local.global = local.modeJs === 'browser'","            ? window","            : global;","        // init utility2_rollup","        local = local.global.utility2_rollup || (local.modeJs === 'browser'","            ? local.global.utility2_npmtest_mnemonist","            : global.utility2_moduleExports);","        // export local","        local.global.local = local;","    }());","    switch (local.modeJs) {","","","","    // post-init","    // run browser js-env code - post-init","    /* istanbul ignore next */","    case 'browser':","        local.testRunBrowser = function (event) {","            if (!event || (event &&","                    event.currentTarget &&","                    event.currentTarget.className &&","                    event.currentTarget.className.includes &&","                    event.currentTarget.className.includes('onreset'))) {","                // reset output","                Array.from(","                    document.querySelectorAll('body > .resettable')","                ).forEach(function (element) {","                    switch (element.tagName) {","                    case 'INPUT':","                    case 'TEXTAREA':","                        element.value = '';","                        break;","                    default:","                        element.textContent = '';","                    }","                });","            }","            switch (event && event.currentTarget && event.currentTarget.id) {","            case 'testRunButton1':","                // show tests","                if (document.querySelector('#testReportDiv1').style.display === 'none') {","                    document.querySelector('#testReportDiv1').style.display = 'block';","                    document.querySelector('#testRunButton1').textContent =","                        'hide internal test';","                    local.modeTest = true;","                    local.testRunDefault(local);","                // hide tests","                } else {","                    document.querySelector('#testReportDiv1').style.display = 'none';","                    document.querySelector('#testRunButton1').textContent = 'run internal test';","                }","                break;","            // custom-case","            default:","                break;","            }","            if (document.querySelector('#inputTextareaEval1') && (!event || (event &&","                    event.currentTarget &&","                    event.currentTarget.className &&","                    event.currentTarget.className.includes &&","                    event.currentTarget.className.includes('oneval')))) {","                // try to eval input-code","                try {","                    /*jslint evil: true*/","                    eval(document.querySelector('#inputTextareaEval1').value);","                } catch (errorCaught) {","                    console.error(errorCaught);","                }","            }","        };","        // log stderr and stdout to #outputTextareaStdout1","        ['error', 'log'].forEach(function (key) {","            console[key + '_original'] = console[key];","            console[key] = function () {","                var element;","                console[key + '_original'].apply(console, arguments);","                element = document.querySelector('#outputTextareaStdout1');","                if (!element) {","                    return;","                }","                // append text to #outputTextareaStdout1","                element.value += Array.from(arguments).map(function (arg) {","                    return typeof arg === 'string'","                        ? arg","                        : JSON.stringify(arg, null, 4);","                }).join(' ') + '\\n';","                // scroll textarea to bottom","                element.scrollTop = element.scrollHeight;","            };","        });","        // init event-handling","        ['change', 'click', 'keyup'].forEach(function (event) {","            Array.from(document.querySelectorAll('.on' + event)).forEach(function (element) {","                element.addEventListener(event, local.testRunBrowser);","            });","        });","        // run tests","        local.testRunBrowser();","        break;","","","","    // run node js-env code - post-init","    /* istanbul ignore next */","    case 'node':","        // export local","        module.exports = local;","        // require modules","        local.fs = require('fs');","        local.http = require('http');","        local.url = require('url');","        // init assets","        local.assetsDict = local.assetsDict || {};","        /* jslint-ignore-begin */","        local.assetsDict['/assets.index.template.html'] = '\\","<!doctype html>\\n\\","<html lang=\"en\">\\n\\","<head>\\n\\","<meta charset=\"UTF-8\">\\n\\","<meta name=\"viewport\" content=\"width=device-width, initial-scale=1\">\\n\\","<title>{{env.npm_package_name}} (v{{env.npm_package_version}})</title>\\n\\","<style>\\n\\","/*csslint\\n\\","    box-sizing: false,\\n\\","    universal-selector: false\\n\\","*/\\n\\","* {\\n\\","    box-sizing: border-box;\\n\\","}\\n\\","body {\\n\\","    background: #dde;\\n\\","    font-family: Arial, Helvetica, sans-serif;\\n\\","    margin: 2rem;\\n\\","}\\n\\","body > * {\\n\\","    margin-bottom: 1rem;\\n\\","}\\n\\",".utility2FooterDiv {\\n\\","    margin-top: 20px;\\n\\","    text-align: center;\\n\\","}\\n\\","</style>\\n\\","<style>\\n\\","/*csslint\\n\\","*/\\n\\","textarea {\\n\\","    font-family: monospace;\\n\\","    height: 10rem;\\n\\","    width: 100%;\\n\\","}\\n\\","textarea[readonly] {\\n\\","    background: #ddd;\\n\\","}\\n\\","</style>\\n\\","</head>\\n\\","<body>\\n\\","<!-- utility2-comment\\n\\","<div id=\"ajaxProgressDiv1\" style=\"background: #d00; height: 2px; left: 0; margin: 0; padding: 0; position: fixed; top: 0; transition: background 0.5s, width 1.5s; width: 25%;\"></div>\\n\\","utility2-comment -->\\n\\","<h1>\\n\\","<!-- utility2-comment\\n\\","    <a\\n\\","        {{#if env.npm_package_homepage}}\\n\\","        href=\"{{env.npm_package_homepage}}\"\\n\\","        {{/if env.npm_package_homepage}}\\n\\","        target=\"_blank\"\\n\\","    >\\n\\","utility2-comment -->\\n\\","        {{env.npm_package_name}} (v{{env.npm_package_version}})\\n\\","<!-- utility2-comment\\n\\","    </a>\\n\\","utility2-comment -->\\n\\","</h1>\\n\\","<h3>{{env.npm_package_description}}</h3>\\n\\","<!-- utility2-comment\\n\\","<h4><a download href=\"assets.app.js\">download standalone app</a></h4>\\n\\","<button class=\"onclick onreset\" id=\"testRunButton1\">run internal test</button><br>\\n\\","<div id=\"testReportDiv1\" style=\"display: none;\"></div>\\n\\","utility2-comment -->\\n\\","\\n\\","\\n\\","\\n\\","<label>stderr and stdout</label>\\n\\","<textarea class=\"resettable\" id=\"outputTextareaStdout1\" readonly></textarea>\\n\\","<!-- utility2-comment\\n\\","{{#if isRollup}}\\n\\","<script src=\"assets.app.js\"></script>\\n\\","{{#unless isRollup}}\\n\\","utility2-comment -->\\n\\","<script src=\"assets.utility2.rollup.js\"></script>\\n\\","<script src=\"jsonp.utility2._stateInit?callback=window.utility2._stateInit\"></script>\\n\\","<script src=\"assets.npmtest_mnemonist.rollup.js\"></script>\\n\\","<script src=\"assets.example.js\"></script>\\n\\","<script src=\"assets.test.js\"></script>\\n\\","<!-- utility2-comment\\n\\","{{/if isRollup}}\\n\\","utility2-comment -->\\n\\","<div class=\"utility2FooterDiv\">\\n\\","    [ this app was created with\\n\\","    <a href=\"https://github.com/kaizhu256/node-utility2\" target=\"_blank\">utility2</a>\\n\\","    ]\\n\\","</div>\\n\\","</body>\\n\\","</html>\\n\\","';","        /* jslint-ignore-end */","        if (local.templateRender) {","            local.assetsDict['/'] = local.templateRender(","                local.assetsDict['/assets.index.template.html'],","                {","                    env: local.objectSetDefault(local.env, {","                        npm_package_description: 'the greatest app in the world!',","                        npm_package_name: 'my-app',","                        npm_package_nameAlias: 'my_app',","                        npm_package_version: '0.0.1'","                    })","                }","            );","        } else {","            local.assetsDict['/'] = local.assetsDict['/assets.index.template.html']","                .replace((/\\{\\{env\\.(\\w+?)\\}\\}/g), function (match0, match1) {","                    // jslint-hack","                    String(match0);","                    switch (match1) {","                    case 'npm_package_description':","                        return 'the greatest app in the world!';","                    case 'npm_package_name':","                        return 'my-app';","                    case 'npm_package_nameAlias':","                        return 'my_app';","                    case 'npm_package_version':","                        return '0.0.1';","                    }","                });","        }","        // run the cli","        if (local.global.utility2_rollup || module !== require.main) {","            break;","        }","        local.assetsDict['/assets.example.js'] =","            local.assetsDict['/assets.example.js'] ||","            local.fs.readFileSync(__filename, 'utf8');","        // bug-workaround - long $npm_package_buildCustomOrg","        /* jslint-ignore-begin */","        local.assetsDict['/assets.npmtest_mnemonist.rollup.js'] =","            local.assetsDict['/assets.npmtest_mnemonist.rollup.js'] ||","            local.fs.readFileSync(","                local.npmtest_mnemonist.__dirname + '/lib.npmtest_mnemonist.js',","                'utf8'","            ).replace((/^#!/), '//');","        /* jslint-ignore-end */","        local.assetsDict['/favicon.ico'] = local.assetsDict['/favicon.ico'] || '';","        // if $npm_config_timeout_exit exists,","        // then exit this process after $npm_config_timeout_exit ms","        if (Number(process.env.npm_config_timeout_exit)) {","            setTimeout(process.exit, Number(process.env.npm_config_timeout_exit));","        }","        // start server","        if (local.global.utility2_serverHttp1) {","            break;","        }","        process.env.PORT = process.env.PORT || '8081';","        console.error('server starting on port ' + process.env.PORT);","        local.http.createServer(function (request, response) {","            request.urlParsed = local.url.parse(request.url);","            if (local.assetsDict[request.urlParsed.pathname] !== undefined) {","                response.end(local.assetsDict[request.urlParsed.pathname]);","                return;","            }","            response.statusCode = 404;","            response.end();","        }).listen(process.env.PORT);","        break;","    }","}());",""],"l":{"26":2,"28":2,"33":2,"35":2,"37":2,"38":2,"39":2,"44":1,"51":2,"55":2,"59":2,"61":2,"69":1,"70":2,"76":2,"79":2,"82":2,"83":2,"85":1,"89":2,"92":1,"93":1,"94":1,"96":1,"97":1,"100":1,"101":1,"103":1,"106":1,"108":2,"114":1,"116":1,"118":1,"123":1,"124":2,"125":2,"126":3,"127":3,"128":3,"129":3,"130":1,"133":3,"134":3,"139":3,"143":1,"144":3,"145":1,"149":1,"150":1,"158":1,"160":1,"161":1,"162":1,"164":1,"166":1,"258":1,"259":1,"271":1,"274":6,"275":6,"277":1,"279":2,"281":1,"283":2,"288":1,"289":1,"291":1,"296":1,"303":1,"306":1,"307":1,"310":1,"311":1,"313":1,"314":1,"315":1,"316":1,"317":1,"318":1,"319":1,"321":1,"322":1,"324":1}},"/home/travis/build/npmtest/node-npmtest-mnemonist/node_modules/mnemonist/endpoint.js":{"path":"/home/travis/build/npmtest/node-npmtest-mnemonist/node_modules/mnemonist/endpoint.js","s":{"1":1,"2":1},"b":{},"f":{},"fnMap":{},"statementMap":{"1":{"start":{"line":8,"column":0},"end":{"line":10,"column":47}},"2":{"start":{"line":12,"column":0},"end":{"line":35,"column":2}}},"branchMap":{},"code":["/**"," * Mnemonist Library Endpoint"," * ==========================="," *"," * Exporting every data structure through a unified endpoint. Consumers"," * of this library should prefer the modular access though."," */","var Heap = require('./heap.js'),","    FibonacciHeap = require('./fibonacci-heap.js'),","    SuffixArray = require('./suffix-array.js');","","module.exports = {","  BloomFilter: require('./bloom-filter.js'),","  BKTree: require('./bk-tree.js'),","  FibonacciHeap: FibonacciHeap,","  MinFibonacciHeap: FibonacciHeap.MinFibonacciHeap,","  MaxFibonacciHeap: FibonacciHeap.MaxFibonacciHeap,","  Heap: Heap,","  MinHeap: Heap.MinHeap,","  MaxHeap: Heap.MaxHeap,","  Index: require('./index.js'),","  InvertedIndex: require('./inverted-index.js'),","  LinkedList: require('./linked-list.js'),","  MultiIndex: require('./multi-index.js'),","  MultiMap: require('./multi-map.js'),","  MultiSet: require('./multi-set.js'),","  Queue: require('./queue.js'),","  Stack: require('./stack.js'),","  SuffixArray: SuffixArray,","  GeneralizedSuffixArray: SuffixArray.GeneralizedSuffixArray,","  Set: require('./set.js'),","  SymSpell: require('./symspell.js'),","  Trie: require('./trie.js'),","  VPTree: require('./vp-tree.js')","};",""],"l":{"8":1,"12":1}},"/home/travis/build/npmtest/node-npmtest-mnemonist/node_modules/mnemonist/heap.js":{"path":"/home/travis/build/npmtest/node-npmtest-mnemonist/node_modules/mnemonist/heap.js","s":{"1":1,"2":1,"3":1,"4":0,"5":0,"6":0,"7":0,"8":1,"9":0,"10":0,"11":1,"12":0,"13":0,"14":0,"15":0,"16":0,"17":0,"18":1,"19":0,"20":0,"21":0,"22":0,"23":0,"24":0,"25":0,"26":0,"27":0,"28":0,"29":0,"30":0,"31":0,"32":0,"33":0,"34":0,"35":0,"36":0,"37":0,"38":0,"39":0,"40":1,"41":0,"42":0,"43":0,"44":1,"45":0,"46":1,"47":0,"48":0,"49":0,"50":0,"51":0,"52":0,"53":0,"54":0,"55":1,"56":0,"57":0,"58":0,"59":0,"60":0,"61":1,"62":0,"63":0,"64":0,"65":0,"66":0,"67":1,"68":1,"69":0,"70":0,"71":0,"72":0,"73":1,"74":0,"75":0,"76":0,"77":0,"78":1,"79":1,"80":1},"b":{"1":[0,0],"2":[0,0],"3":[0,0],"4":[0,0],"5":[0,0],"6":[0,0],"7":[0,0],"8":[0,0],"9":[0,0],"10":[0,0],"11":[0,0],"12":[0,0],"13":[0,0],"14":[0,0],"15":[0,0]},"f":{"1":0,"2":0,"3":0,"4":0,"5":0,"6":0,"7":0,"8":0,"9":0,"10":0,"11":0,"12":0,"13":0},"fnMap":{"1":{"name":"Heap","line":18,"loc":{"start":{"line":18,"column":0},"end":{"line":18,"column":26}}},"2":{"name":"(anonymous_2)","line":31,"loc":{"start":{"line":31,"column":23},"end":{"line":31,"column":34}}},"3":{"name":"bubbleUp","line":45,"loc":{"start":{"line":45,"column":0},"end":{"line":45,"column":41}}},"4":{"name":"sinkDown","line":66,"loc":{"start":{"line":66,"column":0},"end":{"line":66,"column":41}}},"5":{"name":"(anonymous_5)","line":115,"loc":{"start":{"line":115,"column":22},"end":{"line":115,"column":37}}},"6":{"name":"(anonymous_6)","line":126,"loc":{"start":{"line":126,"column":22},"end":{"line":126,"column":33}}},"7":{"name":"(anonymous_7)","line":135,"loc":{"start":{"line":135,"column":21},"end":{"line":135,"column":32}}},"8":{"name":"(anonymous_8)","line":155,"loc":{"start":{"line":155,"column":25},"end":{"line":155,"column":36}}},"9":{"name":"MaxHeap","line":177,"loc":{"start":{"line":177,"column":0},"end":{"line":177,"column":29}}},"10":{"name":"(anonymous_10)","line":197,"loc":{"start":{"line":197,"column":12},"end":{"line":197,"column":43}}},"11":{"name":"(anonymous_11)","line":200,"loc":{"start":{"line":200,"column":24},"end":{"line":200,"column":40}}},"12":{"name":"(anonymous_12)","line":207,"loc":{"start":{"line":207,"column":15},"end":{"line":207,"column":46}}},"13":{"name":"(anonymous_13)","line":210,"loc":{"start":{"line":210,"column":24},"end":{"line":210,"column":40}}}},"statementMap":{"1":{"start":{"line":7,"column":0},"end":{"line":8,"column":48}},"2":{"start":{"line":10,"column":0},"end":{"line":11,"column":54}},"3":{"start":{"line":18,"column":0},"end":{"line":24,"column":1}},"4":{"start":{"line":19,"column":2},"end":{"line":19,"column":15}},"5":{"start":{"line":20,"column":2},"end":{"line":20,"column":53}},"6":{"start":{"line":22,"column":2},"end":{"line":23,"column":90}},"7":{"start":{"line":23,"column":4},"end":{"line":23,"column":90}},"8":{"start":{"line":31,"column":0},"end":{"line":36,"column":2}},"9":{"start":{"line":34,"column":2},"end":{"line":34,"column":18}},"10":{"start":{"line":35,"column":2},"end":{"line":35,"column":16}},"11":{"start":{"line":45,"column":0},"end":{"line":57,"column":1}},"12":{"start":{"line":47,"column":2},"end":{"line":48,"column":42}},"13":{"start":{"line":51,"column":2},"end":{"line":56,"column":3}},"14":{"start":{"line":52,"column":4},"end":{"line":52,"column":38}},"15":{"start":{"line":53,"column":4},"end":{"line":53,"column":30}},"16":{"start":{"line":54,"column":4},"end":{"line":54,"column":24}},"17":{"start":{"line":55,"column":4},"end":{"line":55,"column":40}},"18":{"start":{"line":66,"column":0},"end":{"line":107,"column":1}},"19":{"start":{"line":67,"column":2},"end":{"line":71,"column":10}},"20":{"start":{"line":73,"column":2},"end":{"line":84,"column":3}},"21":{"start":{"line":74,"column":4},"end":{"line":77,"column":17}},"22":{"start":{"line":75,"column":6},"end":{"line":75,"column":15}},"23":{"start":{"line":77,"column":6},"end":{"line":77,"column":17}},"24":{"start":{"line":79,"column":7},"end":{"line":84,"column":3}},"25":{"start":{"line":80,"column":4},"end":{"line":80,"column":15}},"26":{"start":{"line":83,"column":4},"end":{"line":83,"column":16}},"27":{"start":{"line":86,"column":2},"end":{"line":106,"column":3}},"28":{"start":{"line":87,"column":4},"end":{"line":87,"column":30}},"29":{"start":{"line":88,"column":4},"end":{"line":88,"column":22}},"30":{"start":{"line":89,"column":4},"end":{"line":89,"column":16}},"31":{"start":{"line":91,"column":4},"end":{"line":91,"column":25}},"32":{"start":{"line":92,"column":4},"end":{"line":92,"column":26}},"33":{"start":{"line":94,"column":4},"end":{"line":105,"column":5}},"34":{"start":{"line":95,"column":6},"end":{"line":98,"column":19}},"35":{"start":{"line":96,"column":8},"end":{"line":96,"column":17}},"36":{"start":{"line":98,"column":8},"end":{"line":98,"column":19}},"37":{"start":{"line":100,"column":9},"end":{"line":105,"column":5}},"38":{"start":{"line":101,"column":6},"end":{"line":101,"column":17}},"39":{"start":{"line":104,"column":6},"end":{"line":104,"column":18}},"40":{"start":{"line":115,"column":0},"end":{"line":119,"column":2}},"41":{"start":{"line":116,"column":2},"end":{"line":116,"column":24}},"42":{"start":{"line":117,"column":2},"end":{"line":117,"column":51}},"43":{"start":{"line":118,"column":2},"end":{"line":118,"column":21}},"44":{"start":{"line":126,"column":0},"end":{"line":128,"column":2}},"45":{"start":{"line":127,"column":2},"end":{"line":127,"column":23}},"46":{"start":{"line":135,"column":0},"end":{"line":150,"column":2}},"47":{"start":{"line":136,"column":2},"end":{"line":137,"column":21}},"48":{"start":{"line":137,"column":4},"end":{"line":137,"column":21}},"49":{"start":{"line":139,"column":2},"end":{"line":140,"column":30}},"50":{"start":{"line":142,"column":2},"end":{"line":142,"column":14}},"51":{"start":{"line":144,"column":2},"end":{"line":147,"column":3}},"52":{"start":{"line":145,"column":4},"end":{"line":145,"column":25}},"53":{"start":{"line":146,"column":4},"end":{"line":146,"column":45}},"54":{"start":{"line":149,"column":2},"end":{"line":149,"column":14}},"55":{"start":{"line":155,"column":0},"end":{"line":170,"column":2}},"56":{"start":{"line":156,"column":2},"end":{"line":158,"column":4}},"57":{"start":{"line":160,"column":2},"end":{"line":161,"column":30}},"58":{"start":{"line":161,"column":4},"end":{"line":161,"column":30}},"59":{"start":{"line":164,"column":2},"end":{"line":167,"column":5}},"60":{"start":{"line":169,"column":2},"end":{"line":169,"column":15}},"61":{"start":{"line":177,"column":0},"end":{"line":185,"column":1}},"62":{"start":{"line":178,"column":2},"end":{"line":178,"column":15}},"63":{"start":{"line":179,"column":2},"end":{"line":179,"column":53}},"64":{"start":{"line":181,"column":2},"end":{"line":182,"column":90}},"65":{"start":{"line":182,"column":4},"end":{"line":182,"column":90}},"66":{"start":{"line":184,"column":2},"end":{"line":184,"column":55}},"67":{"start":{"line":187,"column":0},"end":{"line":187,"column":35}},"68":{"start":{"line":197,"column":0},"end":{"line":205,"column":2}},"69":{"start":{"line":198,"column":2},"end":{"line":198,"column":34}},"70":{"start":{"line":200,"column":2},"end":{"line":202,"column":5}},"71":{"start":{"line":201,"column":4},"end":{"line":201,"column":21}},"72":{"start":{"line":204,"column":2},"end":{"line":204,"column":14}},"73":{"start":{"line":207,"column":0},"end":{"line":215,"column":2}},"74":{"start":{"line":208,"column":2},"end":{"line":208,"column":37}},"75":{"start":{"line":210,"column":2},"end":{"line":212,"column":5}},"76":{"start":{"line":211,"column":4},"end":{"line":211,"column":21}},"77":{"start":{"line":214,"column":2},"end":{"line":214,"column":14}},"78":{"start":{"line":220,"column":0},"end":{"line":220,"column":20}},"79":{"start":{"line":221,"column":0},"end":{"line":221,"column":23}},"80":{"start":{"line":222,"column":0},"end":{"line":222,"column":22}}},"branchMap":{"1":{"line":20,"type":"binary-expr","locations":[{"start":{"line":20,"column":20},"end":{"line":20,"column":30}},{"start":{"line":20,"column":34},"end":{"line":20,"column":52}}]},"2":{"line":22,"type":"if","locations":[{"start":{"line":22,"column":2},"end":{"line":22,"column":2}},{"start":{"line":22,"column":2},"end":{"line":22,"column":2}}]},"3":{"line":51,"type":"binary-expr","locations":[{"start":{"line":51,"column":9},"end":{"line":51,"column":18}},{"start":{"line":51,"column":22},"end":{"line":51,"column":59}}]},"4":{"line":73,"type":"if","locations":[{"start":{"line":73,"column":2},"end":{"line":73,"column":2}},{"start":{"line":73,"column":2},"end":{"line":73,"column":2}}]},"5":{"line":74,"type":"if","locations":[{"start":{"line":74,"column":4},"end":{"line":74,"column":4}},{"start":{"line":74,"column":4},"end":{"line":74,"column":4}}]},"6":{"line":79,"type":"if","locations":[{"start":{"line":79,"column":7},"end":{"line":79,"column":7}},{"start":{"line":79,"column":7},"end":{"line":79,"column":7}}]},"7":{"line":86,"type":"binary-expr","locations":[{"start":{"line":86,"column":9},"end":{"line":86,"column":17}},{"start":{"line":86,"column":21},"end":{"line":86,"column":58}}]},"8":{"line":94,"type":"if","locations":[{"start":{"line":94,"column":4},"end":{"line":94,"column":4}},{"start":{"line":94,"column":4},"end":{"line":94,"column":4}}]},"9":{"line":95,"type":"if","locations":[{"start":{"line":95,"column":6},"end":{"line":95,"column":6}},{"start":{"line":95,"column":6},"end":{"line":95,"column":6}}]},"10":{"line":100,"type":"if","locations":[{"start":{"line":100,"column":9},"end":{"line":100,"column":9}},{"start":{"line":100,"column":9},"end":{"line":100,"column":9}}]},"11":{"line":136,"type":"if","locations":[{"start":{"line":136,"column":2},"end":{"line":136,"column":2}},{"start":{"line":136,"column":2},"end":{"line":136,"column":2}}]},"12":{"line":144,"type":"if","locations":[{"start":{"line":144,"column":2},"end":{"line":144,"column":2}},{"start":{"line":144,"column":2},"end":{"line":144,"column":2}}]},"13":{"line":160,"type":"if","locations":[{"start":{"line":160,"column":2},"end":{"line":160,"column":2}},{"start":{"line":160,"column":2},"end":{"line":160,"column":2}}]},"14":{"line":179,"type":"binary-expr","locations":[{"start":{"line":179,"column":20},"end":{"line":179,"column":30}},{"start":{"line":179,"column":34},"end":{"line":179,"column":52}}]},"15":{"line":181,"type":"if","locations":[{"start":{"line":181,"column":2},"end":{"line":181,"column":2}},{"start":{"line":181,"column":2},"end":{"line":181,"column":2}}]}},"code":["/**"," * Mnemonist Binary Heap"," * ======================"," *"," * Binary heap implementation."," */","var comparators = require('./utils/comparators.js'),","    iterateOver = require('./utils/iterate.js');","","var DEFAULT_COMPARATOR = comparators.DEFAULT_COMPARATOR,","    reverseComparator = comparators.reverseComparator;","","/**"," * Binary Minimum Heap."," *"," * @constructor"," */","function Heap(comparator) {","  this.clear();","  this.comparator = comparator || DEFAULT_COMPARATOR;","","  if (typeof this.comparator !== 'function')","    throw new Error('mnemonist/Heap.constructor: given comparator should be a function.');","}","","/**"," * Method used to clear the heap."," *"," * @return {undefined}"," */","Heap.prototype.clear = function() {","","  // Properties","  this.items = [];","  this.size = 0;","};","","/**"," * Function used to bubble up."," *"," * @param {function} compare - Comparator function."," * @param {array}    data    - Data to edit."," * @param {number}   index   - Target index."," */","function bubbleUp(compare, items, index) {","  // Item needing to be moved","  var item = items[index],","      parentIndex = ((index - 1) / 2) | 0;","","  // Iterating","  while (index > 0 && compare(items[parentIndex], item) > 0) {","    items[index] = items[parentIndex];","    items[parentIndex] = item;","    index = parentIndex;","    parentIndex = ((index - 1) / 2) | 0;","  }","}","","/**"," * Function used to sink down."," *"," * @param {function} compare - Comparator function."," * @param {array}    data    - Data to edit."," * @param {number}   index   - Target index."," */","function sinkDown(compare, items, index) {","  var size = items.length,","      item = items[index],","      left = 2 * index + 1,","      right = 2 * index + 2,","      min;","","  if (right >= size) {","    if (left >= size)","      min = -1;","    else","      min = left;","  }","  else if (compare(items[left], items[right]) <= 0) {","    min = left;","  }","  else {","    min = right;","  }","","  while (min >= 0 && compare(items[index], items[min]) > 0) {","    items[index] = items[min];","    items[min] = item;","    index = min;","","    left = 2 * index + 1;","    right = 2 * index + 2;","","    if (right >= size) {","      if (left >= size)","        min = -1;","      else","        min = left;","    }","    else if (compare(items[left], items[right]) <= 0) {","      min = left;","    }","    else {","      min = right;","    }","  }","}","","/**"," * Method used to push an item into the heap."," *"," * @param  {any}    item - Item to push."," * @return {number}"," */","Heap.prototype.push = function(item) {","  this.items.push(item);","  bubbleUp(this.comparator, this.items, this.size);","  return ++this.size;","};","","/**"," * Method used to retrieve the \"first\" item of the heap."," *"," * @return {any}"," */","Heap.prototype.peek = function() {","  return this.items[0];","};","","/**"," * Method used to retrieve & remove the \"first\" item of the heap."," *"," * @return {any}"," */","Heap.prototype.pop = function() {","  if (!this.size)","    return undefined;","","  var item = this.items[0],","      last = this.items.pop();","","  this.size--;","","  if (this.size) {","    this.items[0] = last;","    sinkDown(this.comparator, this.items, 0);","  }","","  return item;","};","","/**"," * Convenience known methods."," */","Heap.prototype.inspect = function() {","  var proxy = {","    size: this.size","  };","","  if (this.items.length)","    proxy.top = this.items[0];","","  // Trick so that node displays the name of the constructor","  Object.defineProperty(proxy, 'constructor', {","    value: Heap,","    enumerable: false","  });","","  return proxy;","};","","/**"," * Binary Maximum Heap."," *"," * @constructor"," */","function MaxHeap(comparator) {","  this.clear();","  this.comparator = comparator || DEFAULT_COMPARATOR;","","  if (typeof this.comparator !== 'function')","    throw new Error('mnemonist/Heap.constructor: given comparator should be a function.');","","  this.comparator = reverseComparator(this.comparator);","}","","MaxHeap.prototype = Heap.prototype;","","/**"," * Static @.from function taking an abitrary iterable & converting it into"," * a heap."," *"," * @param  {Iterable} iterable   - Target iterable."," * @param  {function} comparator - Custom comparator function."," * @return {Heap}"," */","Heap.from = function(iterable, comparator) {","  var heap = new Heap(comparator);","","  iterateOver(iterable, function(value) {","    heap.push(value);","  });","","  return heap;","};","","MaxHeap.from = function(iterable, comparator) {","  var heap = new MaxHeap(comparator);","","  iterateOver(iterable, function(value) {","    heap.push(value);","  });","","  return heap;","};","","/**"," * Exporting."," */","Heap.MinHeap = Heap;","Heap.MaxHeap = MaxHeap;","module.exports = Heap;",""],"l":{"7":1,"10":1,"18":1,"19":0,"20":0,"22":0,"23":0,"31":1,"34":0,"35":0,"45":1,"47":0,"51":0,"52":0,"53":0,"54":0,"55":0,"66":1,"67":0,"73":0,"74":0,"75":0,"77":0,"79":0,"80":0,"83":0,"86":0,"87":0,"88":0,"89":0,"91":0,"92":0,"94":0,"95":0,"96":0,"98":0,"100":0,"101":0,"104":0,"115":1,"116":0,"117":0,"118":0,"126":1,"127":0,"135":1,"136":0,"137":0,"139":0,"142":0,"144":0,"145":0,"146":0,"149":0,"155":1,"156":0,"160":0,"161":0,"164":0,"169":0,"177":1,"178":0,"179":0,"181":0,"182":0,"184":0,"187":1,"197":1,"198":0,"200":0,"201":0,"204":0,"207":1,"208":0,"210":0,"211":0,"214":0,"220":1,"221":1,"222":1}},"/home/travis/build/npmtest/node-npmtest-mnemonist/node_modules/mnemonist/utils/comparators.js":{"path":"/home/travis/build/npmtest/node-npmtest-mnemonist/node_modules/mnemonist/utils/comparators.js","s":{"1":1,"2":0,"3":0,"4":0,"5":0,"6":0,"7":1,"8":0,"9":0,"10":1,"11":1},"b":{"1":[0,0],"2":[0,0]},"f":{"1":0,"2":0,"3":0},"fnMap":{"1":{"name":"(anonymous_1)","line":7,"loc":{"start":{"line":7,"column":25},"end":{"line":7,"column":40}}},"2":{"name":"reverseComparator","line":19,"loc":{"start":{"line":19,"column":0},"end":{"line":19,"column":39}}},"3":{"name":"(anonymous_3)","line":20,"loc":{"start":{"line":20,"column":9},"end":{"line":20,"column":24}}}},"statementMap":{"1":{"start":{"line":7,"column":0},"end":{"line":14,"column":2}},"2":{"start":{"line":8,"column":2},"end":{"line":9,"column":14}},"3":{"start":{"line":9,"column":4},"end":{"line":9,"column":14}},"4":{"start":{"line":10,"column":2},"end":{"line":11,"column":13}},"5":{"start":{"line":11,"column":4},"end":{"line":11,"column":13}},"6":{"start":{"line":13,"column":2},"end":{"line":13,"column":11}},"7":{"start":{"line":19,"column":0},"end":{"line":23,"column":1}},"8":{"start":{"line":20,"column":2},"end":{"line":22,"column":4}},"9":{"start":{"line":21,"column":4},"end":{"line":21,"column":28}},"10":{"start":{"line":28,"column":0},"end":{"line":28,"column":48}},"11":{"start":{"line":29,"column":0},"end":{"line":29,"column":46}}},"branchMap":{"1":{"line":8,"type":"if","locations":[{"start":{"line":8,"column":2},"end":{"line":8,"column":2}},{"start":{"line":8,"column":2},"end":{"line":8,"column":2}}]},"2":{"line":10,"type":"if","locations":[{"start":{"line":10,"column":2},"end":{"line":10,"column":2}},{"start":{"line":10,"column":2},"end":{"line":10,"column":2}}]}},"code":["/**"," * Mnemonist Heap Comparators"," * ==========================="," *"," * Default comparators & functions dealing with comparators reversing etc."," */","var DEFAULT_COMPARATOR = function(a, b) {","  if (a < b)","    return -1;","  if (a > b)","    return 1;","","  return 0;","};","","/**"," * Function used to reverse a comparator."," */","function reverseComparator(comparator) {","  return function(a, b) {","    return comparator(b, a);","  };","}","","/**"," * Exporting."," */","exports.DEFAULT_COMPARATOR = DEFAULT_COMPARATOR;","exports.reverseComparator = reverseComparator;",""],"l":{"7":1,"8":0,"9":0,"10":0,"11":0,"13":0,"19":1,"20":0,"21":0,"28":1,"29":1}},"/home/travis/build/npmtest/node-npmtest-mnemonist/node_modules/mnemonist/utils/iterate.js":{"path":"/home/travis/build/npmtest/node-npmtest-mnemonist/node_modules/mnemonist/utils/iterate.js","s":{"1":1,"2":0,"3":0,"4":0,"5":0,"6":0,"7":0,"8":0,"9":0,"10":0,"11":0,"12":0,"13":0,"14":0,"15":0,"16":0,"17":0,"18":0,"19":0,"20":0,"21":0,"22":0,"23":0,"24":0,"25":0},"b":{"1":[0,0],"2":[0,0],"3":[0,0],"4":[0,0],"5":[0,0],"6":[0,0]},"f":{"1":0},"fnMap":{"1":{"name":"iterate","line":15,"loc":{"start":{"line":15,"column":17},"end":{"line":15,"column":52}}}},"statementMap":{"1":{"start":{"line":15,"column":0},"end":{"line":62,"column":2}},"2":{"start":{"line":16,"column":2},"end":{"line":16,"column":27}},"3":{"start":{"line":19,"column":2},"end":{"line":23,"column":3}},"4":{"start":{"line":20,"column":4},"end":{"line":21,"column":29}},"5":{"start":{"line":21,"column":6},"end":{"line":21,"column":29}},"6":{"start":{"line":22,"column":4},"end":{"line":22,"column":11}},"7":{"start":{"line":26,"column":2},"end":{"line":29,"column":3}},"8":{"start":{"line":27,"column":4},"end":{"line":27,"column":29}},"9":{"start":{"line":28,"column":4},"end":{"line":28,"column":11}},"10":{"start":{"line":32,"column":2},"end":{"line":42,"column":3}},"11":{"start":{"line":33,"column":4},"end":{"line":33,"column":22}},"12":{"start":{"line":34,"column":4},"end":{"line":34,"column":10}},"13":{"start":{"line":36,"column":4},"end":{"line":39,"column":5}},"14":{"start":{"line":37,"column":6},"end":{"line":37,"column":27}},"15":{"start":{"line":38,"column":6},"end":{"line":38,"column":10}},"16":{"start":{"line":41,"column":4},"end":{"line":41,"column":11}},"17":{"start":{"line":45,"column":2},"end":{"line":52,"column":3}},"18":{"start":{"line":46,"column":4},"end":{"line":46,"column":41}},"19":{"start":{"line":48,"column":4},"end":{"line":49,"column":27}},"20":{"start":{"line":49,"column":6},"end":{"line":49,"column":27}},"21":{"start":{"line":51,"column":4},"end":{"line":51,"column":11}},"22":{"start":{"line":55,"column":2},"end":{"line":59,"column":3}},"23":{"start":{"line":56,"column":4},"end":{"line":58,"column":5}},"24":{"start":{"line":57,"column":6},"end":{"line":57,"column":29}},"25":{"start":{"line":61,"column":2},"end":{"line":61,"column":9}}},"branchMap":{"1":{"line":19,"type":"if","locations":[{"start":{"line":19,"column":2},"end":{"line":19,"column":2}},{"start":{"line":19,"column":2},"end":{"line":19,"column":2}}]},"2":{"line":26,"type":"if","locations":[{"start":{"line":26,"column":2},"end":{"line":26,"column":2}},{"start":{"line":26,"column":2},"end":{"line":26,"column":2}}]},"3":{"line":32,"type":"if","locations":[{"start":{"line":32,"column":2},"end":{"line":32,"column":2}},{"start":{"line":32,"column":2},"end":{"line":32,"column":2}}]},"4":{"line":45,"type":"if","locations":[{"start":{"line":45,"column":2},"end":{"line":45,"column":2}},{"start":{"line":45,"column":2},"end":{"line":45,"column":2}}]},"5":{"line":45,"type":"binary-expr","locations":[{"start":{"line":45,"column":6},"end":{"line":45,"column":35}},{"start":{"line":45,"column":39},"end":{"line":45,"column":64}}]},"6":{"line":56,"type":"if","locations":[{"start":{"line":56,"column":4},"end":{"line":56,"column":4}},{"start":{"line":56,"column":4},"end":{"line":56,"column":4}}]}},"code":["/**"," * Mnemonist Iterate Function"," * ==========================="," *"," * Harmonized iteration over mixed targets."," */","","/**"," * Function used to iterate in a similar way over JavaScript iterables,"," * plain objects & arrays."," *"," * @param  {any}      target - Iteration target."," * @param  {function} callback - Iteration callback."," */","module.exports = function iterate(target, callback) {","  var iterator, k, i, l, s;","","  // The target is an array","  if (Array.isArray(target)) {","    for (i = 0, l = target.length; i < l; i++)","      callback(target[i], i);","    return;","  }","","  // The target has a #.forEach method","  if (typeof target.forEach === 'function') {","    target.forEach(callback);","    return;","  }","","  // The target is an iterator","  if (typeof target.next === 'function') {","    iterator = target;","    i = 0;","","    while ((s = iterator.next(), !s.done)) {","      callback(s.value, i);","      i++;","    }","","    return;","  }","","  // The target is iterable","  if (typeof Symbol !== 'undefined' && Symbol.iterator in target) {","    iterator = target[Symbol.iterator]();","","    while ((s = iterator.next(), !s.done))","      callback(s[0], s[1]);","","    return;","  }","","  // The target is a plain object","  for (k in target) {","    if (target.hasOwnProperty(k)) {","      callback(target[k], k);","    }","  }","","  return;","};",""],"l":{"15":1,"16":0,"19":0,"20":0,"21":0,"22":0,"26":0,"27":0,"28":0,"32":0,"33":0,"34":0,"36":0,"37":0,"38":0,"41":0,"45":0,"46":0,"48":0,"49":0,"51":0,"55":0,"56":0,"57":0,"61":0}},"/home/travis/build/npmtest/node-npmtest-mnemonist/node_modules/mnemonist/fibonacci-heap.js":{"path":"/home/travis/build/npmtest/node-npmtest-mnemonist/node_modules/mnemonist/fibonacci-heap.js","s":{"1":1,"2":1,"3":1,"4":0,"5":0,"6":0,"7":0,"8":1,"9":0,"10":0,"11":0,"12":1,"13":0,"14":1,"15":0,"16":0,"17":0,"18":0,"19":0,"20":0,"21":1,"22":0,"23":0,"24":0,"25":0,"26":0,"27":0,"28":0,"29":1,"30":0,"31":1,"32":0,"33":0,"34":0,"35":0,"36":0,"37":0,"38":0,"39":0,"40":0,"41":1,"42":0,"43":0,"44":0,"45":0,"46":1,"47":0,"48":0,"49":0,"50":0,"51":0,"52":0,"53":1,"54":0,"55":0,"56":0,"57":0,"58":0,"59":0,"60":1,"61":0,"62":0,"63":0,"64":0,"65":0,"66":0,"67":0,"68":0,"69":0,"70":0,"71":0,"72":0,"73":0,"74":0,"75":0,"76":0,"77":0,"78":1,"79":0,"80":0,"81":0,"82":0,"83":0,"84":0,"85":0,"86":0,"87":0,"88":0,"89":0,"90":0,"91":0,"92":0,"93":0,"94":0,"95":0,"96":1,"97":0,"98":0,"99":0,"100":0,"101":0,"102":1,"103":0,"104":0,"105":0,"106":0,"107":0,"108":1,"109":1,"110":0,"111":0,"112":0,"113":0,"114":1,"115":0,"116":0,"117":0,"118":0,"119":1,"120":1,"121":1},"b":{"1":[0,0],"2":[0,0],"3":[0,0],"4":[0,0],"5":[0,0],"6":[0,0],"7":[0,0],"8":[0,0],"9":[0,0],"10":[0,0],"11":[0,0],"12":[0,0],"13":[0,0],"14":[0,0],"15":[0,0],"16":[0,0],"17":[0,0],"18":[0,0],"19":[0,0],"20":[0,0],"21":[0,0]},"f":{"1":0,"2":0,"3":0,"4":0,"5":0,"6":0,"7":0,"8":0,"9":0,"10":0,"11":0,"12":0,"13":0,"14":0,"15":0,"16":0,"17":0,"18":0},"fnMap":{"1":{"name":"FibonacciHeap","line":19,"loc":{"start":{"line":19,"column":0},"end":{"line":19,"column":35}}},"2":{"name":"(anonymous_2)","line":32,"loc":{"start":{"line":32,"column":32},"end":{"line":32,"column":43}}},"3":{"name":"createNode","line":46,"loc":{"start":{"line":46,"column":0},"end":{"line":46,"column":26}}},"4":{"name":"mergeWithRoot","line":59,"loc":{"start":{"line":59,"column":0},"end":{"line":59,"column":35}}},"5":{"name":"(anonymous_5)","line":77,"loc":{"start":{"line":77,"column":31},"end":{"line":77,"column":46}}},"6":{"name":"(anonymous_6)","line":94,"loc":{"start":{"line":94,"column":31},"end":{"line":94,"column":42}}},"7":{"name":"iterate","line":104,"loc":{"start":{"line":104,"column":0},"end":{"line":104,"column":23}}},"8":{"name":"removeFromRoot","line":128,"loc":{"start":{"line":128,"column":0},"end":{"line":128,"column":36}}},"9":{"name":"mergeWithChild","line":141,"loc":{"start":{"line":141,"column":0},"end":{"line":141,"column":38}}},"10":{"name":"link","line":160,"loc":{"start":{"line":160,"column":0},"end":{"line":160,"column":26}}},"11":{"name":"consolidate","line":174,"loc":{"start":{"line":174,"column":0},"end":{"line":174,"column":27}}},"12":{"name":"(anonymous_12)","line":211,"loc":{"start":{"line":211,"column":30},"end":{"line":211,"column":41}}},"13":{"name":"(anonymous_13)","line":250,"loc":{"start":{"line":250,"column":34},"end":{"line":250,"column":45}}},"14":{"name":"MaxFibonacciHeap","line":272,"loc":{"start":{"line":272,"column":0},"end":{"line":272,"column":38}}},"15":{"name":"(anonymous_15)","line":292,"loc":{"start":{"line":292,"column":21},"end":{"line":292,"column":52}}},"16":{"name":"(anonymous_16)","line":295,"loc":{"start":{"line":295,"column":24},"end":{"line":295,"column":40}}},"17":{"name":"(anonymous_17)","line":302,"loc":{"start":{"line":302,"column":24},"end":{"line":302,"column":55}}},"18":{"name":"(anonymous_18)","line":305,"loc":{"start":{"line":305,"column":24},"end":{"line":305,"column":40}}}},"statementMap":{"1":{"start":{"line":8,"column":0},"end":{"line":9,"column":48}},"2":{"start":{"line":11,"column":0},"end":{"line":12,"column":54}},"3":{"start":{"line":19,"column":0},"end":{"line":25,"column":1}},"4":{"start":{"line":20,"column":2},"end":{"line":20,"column":15}},"5":{"start":{"line":21,"column":2},"end":{"line":21,"column":53}},"6":{"start":{"line":23,"column":2},"end":{"line":24,"column":99}},"7":{"start":{"line":24,"column":4},"end":{"line":24,"column":99}},"8":{"start":{"line":32,"column":0},"end":{"line":38,"column":2}},"9":{"start":{"line":35,"column":2},"end":{"line":35,"column":19}},"10":{"start":{"line":36,"column":2},"end":{"line":36,"column":18}},"11":{"start":{"line":37,"column":2},"end":{"line":37,"column":16}},"12":{"start":{"line":46,"column":0},"end":{"line":51,"column":1}},"13":{"start":{"line":47,"column":2},"end":{"line":50,"column":4}},"14":{"start":{"line":59,"column":0},"end":{"line":69,"column":1}},"15":{"start":{"line":60,"column":2},"end":{"line":68,"column":3}},"16":{"start":{"line":61,"column":4},"end":{"line":61,"column":21}},"17":{"start":{"line":64,"column":4},"end":{"line":64,"column":33}},"18":{"start":{"line":65,"column":4},"end":{"line":65,"column":26}},"19":{"start":{"line":66,"column":4},"end":{"line":66,"column":32}},"20":{"start":{"line":67,"column":4},"end":{"line":67,"column":27}},"21":{"start":{"line":77,"column":0},"end":{"line":87,"column":2}},"22":{"start":{"line":78,"column":2},"end":{"line":78,"column":30}},"23":{"start":{"line":79,"column":2},"end":{"line":79,"c
[...]
57,"column":12}},"59":{"start":{"line":159,"column":2},"end":{"line":162,"column":5}},"60":{"start":{"line":160,"column":4},"end":{"line":160,"column":27}},"61":{"start":{"line":161,"column":4},"end":{"line":161,"column":22}},"62":{"start":{"line":165,"column":2},"end":{"line":165,"column":29}},"63":{"start":{"line":166,"column":2},"end":{"line":166,"column":62}},"64":{"start":{"line":176,"column":0},"end":{"line":236,"column":2}},"65":{"start":{"line":177,"column":2},"end":{"line":186,"column":8}},"66":{"start":{"line":188,"column":2},"end":{"line":228,"column":3}},"67":{"start":{"line":189,"column":4},"end":{"line":189,"column":28}},"68":{"start":{"line":190,"column":4},"end":{"line":190,"column":37}},"69":{"start":{"line":191,"column":4},"end":{"line":191,"column":41}},"70":{"start":{"line":194,"column":4},"end":{"line":194,"column":43}},"71":{"start":{"line":196,"column":4},"end":{"line":205,"column":5}},"72":{"start":{"line":197,"column":6},"end":{"line":197,"column":56}},"73":{"start":{"line":200,"column":6},"end":{"line":201,"column":24}},"74":{"start":{"line":201,"column":8},"end":{"line":201,"column":24}},"75":{"start":{"line":204,"column":6},"end":{"line":204,"column":38}},"76":{"start":{"line":207,"column":4},"end":{"line":207,"column":41}},"77":{"start":{"line":208,"column":4},"end":{"line":208,"column":42}},"78":{"start":{"line":211,"column":4},"end":{"line":212,"column":15}},"79":{"start":{"line":212,"column":6},"end":{"line":212,"column":15}},"80":{"start":{"line":214,"column":4},"end":{"line":214,"column":34}},"81":{"start":{"line":216,"column":4},"end":{"line":227,"column":5}},"82":{"start":{"line":217,"column":6},"end":{"line":218,"column":30}},"83":{"start":{"line":218,"column":8},"end":{"line":218,"column":30}},"84":{"start":{"line":219,"column":6},"end":{"line":220,"column":31}},"85":{"start":{"line":220,"column":8},"end":{"line":220,"column":31}},"86":{"start":{"line":223,"column":6},"end":{"line":224,"column":31}},"87":{"start":{"line":224,"column":8},"end":{"line":224,"column":31}},"88":{"start":{"line":225,"column":6},"end":{"line":226,"column":30}},"89":{"start":{"line":226,"column":8},"end":{"line":226,"column":30}},"90":{"start":{"line":230,"column":2},"end":{"line":230,"column":40}},"91":{"start":{"line":232,"column":2},"end":{"line":233,"column":31}},"92":{"start":{"line":233,"column":4},"end":{"line":233,"column":31}},"93":{"start":{"line":235,"column":2},"end":{"line":235,"column":15}},"94":{"start":{"line":245,"column":0},"end":{"line":291,"column":2}},"95":{"start":{"line":246,"column":2},"end":{"line":254,"column":8}},"96":{"start":{"line":256,"column":2},"end":{"line":288,"column":3}},"97":{"start":{"line":257,"column":4},"end":{"line":257,"column":28}},"98":{"start":{"line":258,"column":4},"end":{"line":258,"column":37}},"99":{"start":{"line":259,"column":4},"end":{"line":259,"column":41}},"100":{"start":{"line":262,"column":4},"end":{"line":262,"column":43}},"101":{"start":{"line":264,"column":4},"end":{"line":265,"column":56}},"102":{"start":{"line":265,"column":6},"end":{"line":265,"column":56}},"103":{"start":{"line":267,"column":4},"end":{"line":267,"column":41}},"104":{"start":{"line":268,"column":4},"end":{"line":268,"column":42}},"105":{"start":{"line":271,"column":4},"end":{"line":272,"column":15}},"106":{"start":{"line":272,"column":6},"end":{"line":272,"column":15}},"107":{"start":{"line":274,"column":4},"end":{"line":274,"column":34}},"108":{"start":{"line":276,"column":4},"end":{"line":287,"column":5}},"109":{"start":{"line":277,"column":6},"end":{"line":278,"column":30}},"110":{"start":{"line":278,"column":8},"end":{"line":278,"column":30}},"111":{"start":{"line":279,"column":6},"end":{"line":280,"column":31}},"112":{"start":{"line":280,"column":8},"end":{"line":280,"column":31}},"113":{"start":{"line":283,"column":6},"end":{"line":284,"column":31}},"114":{"start":{"line":284,"column":8},"end":{"line":284,"column":31}},"115":{"start":{"line":285,"column":6},"end":{"line":286,"column":30}},"116":{"start":{"line":286,"column":8},"end":{"line":286,"column":30}},"117":{"start":{"line":290,"column":2},"end":{"line":290,"column":19}},"118":{"start":{"line":296,"column":0},"end":{"line":306,"column":2}},"119":{"start":{"line":297,"column":2},"end":{"line":297,"column":33}},"120":{"start":{"line":300,"column":2},"end":{"line":303,"column":5}},"121":{"start":{"line":305,"column":2},"end":{"line":305,"column":15}},"122":{"start":{"line":316,"column":0},"end":{"line":318,"column":2}},"123":{"start":{"line":317,"column":2},"end":{"line":317,"column":40}},"124":{"start":{"line":323,"column":0},"end":{"line":323,"column":24}}},"branchMap":{"1":{"line":25,"type":"if","locations":[{"start":{"line":25,"column":2},"end":{"line":25,"column":2}},{"start":{"line":25,"column":2},"end":{"line":25,"column":2}}]},"2":{"line":27,"type":"if","locations":[{"start":{"line":27,"column":2},"end":{"line":27,"column":2}},{"start":{"line":27,"column":2},"end":{"line":27,"column":2}}]},"3":{"line":70,"type":"if","locations":[{"start":{"line":70,"column":4},"end":{"line":70,"column":4}},{"start":{"line":70,"column":4},"end":{"line":70,"column":4}}]},"4":{"line":73,"type":"if","locations":[{"start":{"line":73,"column":4},"end":{"line":73,"column":4}},{"start":{"line":73,"column":4},"end":{"line":73,"column":4}}]},"5":{"line":99,"type":"cond-expr","locations":[{"start":{"line":100,"column":6},"end":{"line":100,"column":75}},{"start":{"line":101,"column":6},"end":{"line":101,"column":45}}]},"6":{"line":111,"type":"if","locations":[{"start":{"line":111,"column":6},"end":{"line":111,"column":6}},{"start":{"line":111,"column":6},"end":{"line":111,"column":6}}]},"7":{"line":118,"type":"if","locations":[{"start":{"line":118,"column":4},"end":{"line":118,"column":4}},{"start":{"line":118,"column":4},"end":{"line":118,"column":4}}]},"8":{"line":126,"type":"if","locations":[{"start":{"line":126,"column":4},"end":{"line":126,"column":4}},{"start":{"line":126,"column":4},"end":{"line":126,"column":4}}]},"9":{"line":145,"type":"if","locations":[{"start":{"line":145,"column":2},"end":{"line":145,"column":2}},{"start":{"line":145,"column":2},"end":{"line":145,"column":2}}]},"10":{"line":148,"type":"if","locations":[{"start":{"line":148,"column":2},"end":{"line":148,"column":2}},{"start":{"line":148,"column":2},"end":{"line":148,"column":2}}]},"11":{"line":196,"type":"if","locations":[{"start":{"line":196,"column":4},"end":{"line":196,"column":4}},{"start":{"line":196,"column":4},"end":{"line":196,"column":4}}]},"12":{"line":200,"type":"if","locations":[{"start":{"line":200,"column":6},"end":{"line":200,"column":6}},{"start":{"line":200,"column":6},"end":{"line":200,"column":6}}]},"13":{"line":211,"type":"if","locations":[{"start":{"line":211,"column":4},"end":{"line":211,"column":4}},{"start":{"line":211,"column":4},"end":{"line":211,"column":4}}]},"14":{"line":211,"type":"binary-expr","locations":[{"start":{"line":211,"column":8},"end":{"line":211,"column":18}},{"start":{"line":211,"column":22},"end":{"line":211,"column":33}}]},"15":{"line":216,"type":"if","locations":[{"start":{"line":216,"column":4},"end":{"line":216,"column":4}},{"start":{"line":216,"column":4},"end":{"line":216,"column":4}}]},"16":{"line":217,"type":"if","locations":[{"start":{"line":217,"column":6},"end":{"line":217,"column":6}},{"start":{"line":217,"column":6},"end":{"line":217,"column":6}}]},"17":{"line":217,"type":"binary-expr","locations":[{"start":{"line":217,"column":10},"end":{"line":217,"column":19}},{"start":{"line":217,"column":23},"end":{"line":217,"column":35}}]},"18":{"line":219,"type":"if","locations":[{"start":{"line":219,"column":6},"end":{"line":219,"column":6}},{"start":{"line":219,"column":6},"end":{"line":219,"column":6}}]},"19":{"line":219,"type":"binary-expr","locations":[{"start":{"line":219,"column":10},"end":{"line":219,"column":20}},{"start":{"line":219,"column":24},"end":{"line":219,"column":37}}]},"20":{"line":223,"type":"if","locations":[{"start":{"line":223,"column":6},"end":{"line":223,"column":6}},{"start":{"line":223,"column":6},"end":{"line":223,"column":6}}]},"21":{"line":223,"type":"binary-expr","locations":[{"start":{"line":223,"column":10},"end":{"line":223,"column":20}},{"start":{"line":223,"column":24},"end":{"line":223,"column":37}}]},"22":{"line":225,"type":"if","locations":[{"start":{"line":225,"column":6},"end":{"line":225,"column":6}},{"start":{"line":225,"column":6},"end":{"line":225,"column":6}}]},"23":{"line":225,"type":"binary-expr","locations":[{"start":{"line":225,"column":10},"end":{"line":225,"column":19}},{"start":{"line":225,"column":23},"end":{"line":225,"column":35}}]},"24":{"line":264,"type":"if","locations":[{"start":{"line":264,"column":4},"end":{"line":264,"column":4}},{"start":{"line":264,"column":4},"end":{"line":264,"column":4}}]},"25":{"line":271,"type":"if","locations":[{"start":{"line":271,"column":4},"end":{"line":271,"column":4}},{"start":{"line":271,"column":4},"end":{"line":271,"column":4}}]},"26":{"line":271,"type":"binary-expr","locations":[{"start":{"line":271,"column":8},"end":{"line":271,"column":18}},{"start":{"line":271,"column":22},"end":{"line":271,"column":33}}]},"27":{"line":276,"type":"if","locations":[{"start":{"line":276,"column":4},"end":{"line":276,"column":4}},{"start":{"line":276,"column":4},"end":{"line":276,"column":4}}]},"28":{"line":277,"type":"if","locations":[{"start":{"line":277,"column":6},"end":{"line":277,"column":6}},{"start":{"line":277,"column":6},"end":{"line":277,"column":6}}]},"29":{"line":277,"type":"binary-expr","locations":[{"start":{"line":277,"column":10},"end":{"line":277,"column":19}},{"start":{"line":277,"column":23},"end":{"line":277,"column":38}}]},"30":{"line":279,"type":"if","locations":[{"start":{"line":279,"column":6},"end":{"line":279,"column":6}},{"start":{"line":279,"column":6},"end":{"line":279,"column":6}}]},"31":{"line":279,"type":"binary-expr","locations":[{"start":{"line":279,"column":10},"end":{"line":279,"column":20}},{"start":{"line":279,"column":24},"end":{"line":279,"column":40}}]},"32":{"line":283,"type":"if","locations":[{"start":{"line":283,"column":6},"end":{"line":283,"column":6}},{"start":{"line":283,"column":6},"end":{"line":283,"column":6}}]},"33":{"line":283,"type":"binary-expr","locations":[{"start":{"line":283,"column":10},"end":{"line":283,"column":20}},{"start":{"line":283,"column":24},"end":{"line":283,"column":40}}]},"34":{"line":285,"type":"if","locations":[{"start":{"line":285,"column":6},"end":{"line":285,"column":6}},{"start":{"line":285,"column":6},"end":{"line":285,"column":6}}]},"35":{"line":285,"type":"binary-expr","locations":[{"start":{"line":285,"column":10},"end":{"line":285,"column":19}},{"start":{"line":285,"column":23},"end":{"line":285,"column":38}}]}},"code":["/**"," * Mnemonist Vantage Point Tree"," * ============================="," *"," * JavaScript implementation of the Vantage Point Tree storing the binary"," * tree as a flat byte array."," *"," * Note that a VPTree has worst cases and is likely not to be perfectly"," * balanced because of median ambiguity. It is therefore not suitable"," * for hairballs and tiny datasets."," *"," * [Reference]:"," * https://en.wikipedia.org/wiki/Vantage-point_tree"," */","var iterateOver = require('./utils/iterate.js'),","    Heap = require('./heap.js');","","// TODO: implement better selection technique for the vantage point","// The one minimizing spread of sample using stdev is usually the accepted one","","/**"," * Heap comparator used by the #.nearestNeighbors method."," */","function comparator(a, b) {","  if (a.distance < b.distance)","    return 1;","  if (a.distance > b.distance)","    return -1;","  return 0;","}","","/**"," * Function used to create the binary tree."," *"," * @param  {function}     distance - Distance function to use."," * @param  {array}        items    - Items to index (will be mutated)."," * @param  {array}        indexes  - Indexes of the items."," * @return {Float64Array}          - The flat binary tree."," */","function createBinaryTree(distance, items, indexes) {","  var N = indexes.length,","      C = 0,","      data = new Float64Array(N * 4),","      stack = [0, indexes],","      distances = [],","      sortedDistances = [],","      nodeIndex,","      currentIndexes,","      vantagePoint,","      medianIndex,","      mu,","      left,","      right,","      i,","      l,","      h;","","  while (stack.length) {","    currentIndexes = stack.pop();","    nodeIndex = stack.pop();","","    // Getting our vantage point","    vantagePoint = currentIndexes.pop();","    l = currentIndexes.length;","","    // Storing vantage point","    data[nodeIndex] = vantagePoint;","","    // If we only have few items left","    if (!l)","      continue;","","    if (l === 1) {","","      // We put remaining item to the right","      mu = distance(items[vantagePoint], items[currentIndexes[0]]);","","      data[nodeIndex + 1] = mu;","","      // Right","      C += 4;","      data[nodeIndex + 3] = C;","      data[C] = currentIndexes[0];","","      continue;","    }","","    // Computing distance from vantage point to other points","    distances.length = l;","    sortedDistances.length = l;","","    for (i = 0; i < l; i++)","      distances[i] = distance(items[vantagePoint], items[currentIndexes[i]]);","","    // Finding median of distances","    h = l / 2;","    sortedDistances = distances.slice().sort();","    medianIndex = h - 1;","    mu = (medianIndex === (medianIndex | 0)) ?","      (sortedDistances[medianIndex] + sortedDistances[medianIndex + 1]) / 2 :","      sortedDistances[Math.ceil(medianIndex)];","","    // Storing mu","    data[nodeIndex + 1] = mu;","","    // Dispatching the indexes left & right","    left = [];","    right = [];","","    for (i = 0; i < l; i++) {","      if (distances[i] >= mu)","        right.push(currentIndexes[i]);","      else","        left.push(currentIndexes[i]);","    }","","    // Right","    if (right.length) {","      C += 4;","      data[nodeIndex + 3] = C;","      stack.push(C);","      stack.push(right);","    }","","    // Left","    if (left.length) {","      C += 4;","      data[nodeIndex + 2] = C;","      stack.push(C);","      stack.push(left);","    }","  }","","  return data;","}","","/**"," * VPTree."," *"," * @constructor"," * @param {function} distance - Distance function to use."," * @param {Iterable} items    - Items to store."," */","function VPTree(distance, items) {","  if (typeof distance !== 'function')","    throw new Error('mnemonist/VPTree.constructor: given `distance` must be a function.');","","  if (!items)","    throw new Error('mnemonist/VPTree.constructor: you must provide items to the tree. A VPTree cannot be updated after its creation.');","","  // Properties","  this.distance = distance;","  this.items = [];","","  var indexes = [],","      self = this,","      i = 0;","","  iterateOver(items, function(value) {","    self.items.push(value);","    indexes.push(i++);","  });","","  // Creating the binary tree","  this.size = indexes.length;","  this.data = createBinaryTree(distance, this.items, indexes);","}","","/**"," * Function used to retrieve the k nearest neighbors of the query."," *"," * @param  {number} k     - Number of neighbors to retrieve."," * @param  {any}    query - The query."," * @return {array}"," */","VPTree.prototype.nearestNeighbors = function(k, query) {","  var neighbors = new Heap(comparator),","      stack = [0],","      tau = Infinity,","      nodeIndex,","      itemIndex,","      vantagePoint,","      leftIndex,","      rightIndex,","      mu,","      d;","","  while (stack.length) {","    nodeIndex = stack.pop();","    itemIndex = this.data[nodeIndex];","    vantagePoint = this.items[itemIndex];","","    // Distance between query & the current vantage point","    d = this.distance(vantagePoint, query);","","    if (d < tau) {","      neighbors.push({distance: d, item: vantagePoint});","","      // Trimming","      if (neighbors.size > k)","        neighbors.pop();","","      // Adjusting tau","      tau = neighbors.peek().distance;","    }","","    leftIndex = this.data[nodeIndex + 2];","    rightIndex = this.data[nodeIndex + 3];","","    // We are a leaf","    if (!leftIndex && !rightIndex)","      continue;","","    mu = this.data[nodeIndex + 1];","","    if (d < mu) {","      if (leftIndex && d < mu + tau)","        stack.push(leftIndex);","      if (rightIndex && d >= mu - tau) // ALT","        stack.push(rightIndex);","    }","    else {","      if (rightIndex && d >= mu - tau)","        stack.push(rightIndex);","      if (leftIndex && d < mu + tau) // ALT","        stack.push(leftIndex);","    }","  }","","  var array = new Array(neighbors.size);","","  for (var i = neighbors.size - 1; i >= 0; i--)","    array[i] = neighbors.pop();","","  return array;","};","","/**"," * Function used to retrieve every neighbors of query in the given radius."," *"," * @param  {number} radius - Radius."," * @param  {any}    query  - The query."," * @return {array}"," */","VPTree.prototype.neighbors = function(radius, query) {","  var neighbors = [],","      stack = [0],","      nodeIndex,","      itemIndex,","      vantagePoint,","      leftIndex,","      rightIndex,","      mu,","      d;","","  while (stack.length) {","    nodeIndex = stack.pop();","    itemIndex = this.data[nodeIndex];","    vantagePoint = this.items[itemIndex];","","    // Distance between query & the current vantage point","    d = this.distance(vantagePoint, query);","","    if (d <= radius)","      neighbors.push({distance: d, item: vantagePoint});","","    leftIndex = this.data[nodeIndex + 2];","    rightIndex = this.data[nodeIndex + 3];","","    // We are a leaf","    if (!leftIndex && !rightIndex)","      continue;","","    mu = this.data[nodeIndex + 1];","","    if (d < mu) {","      if (leftIndex && d < mu + radius)","        stack.push(leftIndex);","      if (rightIndex && d >= mu - radius) // Might not be necessary to test","        stack.push(rightIndex);","    }","    else {","      if (rightIndex && d >= mu - radius)","        stack.push(rightIndex);","      if (leftIndex && d < mu + radius) // Might not be necessary to test","        stack.push(leftIndex);","    }","  }","","  return neighbors;","};","","/**"," * Convenience known methods."," */","VPTree.prototype.inspect = function() {","  var array = this.items.slice();","","  // Trick so that node displays the name of the constructor","  Object.defineProperty(array, 'constructor', {","    value: VPTree,","    enumerable: false","  });","","  return array;","};","","/**"," * Static @.from function taking an abitrary iterable & converting it into"," * a tree."," *"," * @param  {Iterable} iterable - Target iterable."," * @param  {function} distance - Distance function to use."," * @return {VPTree}"," */","VPTree.from = function(iterable, distance) {","  return new VPTree(distance, iterable);","};","","/**"," * Exporting."," */","module.exports = VPTree;",""],"l":{"15":1,"24":1,"25":0,"26":0,"27":0,"28":0,"29":0,"40":1,"41":0,"58":0,"59":0,"60":0,"63":0,"64":0,"67":0,"70":0,"71":0,"73":0,"76":0,"78":0,"81":0,"82":0,"83":0,"85":0,"89":0,"90":0,"92":0,"93":0,"96":0,"97":0,"98":0,"99":0,"104":0,"107":0,"108":0,"110":0,"111":0,"112":0,"114":0,"118":0,"119":0,"120":0,"121":0,"122":0,"126":0,"127":0,"128":0,"129":0,"130":0,"134":0,"144":1,"145":0,"146":0,"148":0,"149":0,"152":0,"153":0,"155":0,"159":0,"160":0,"161":0,"165":0,"166":0,"176":1,"177":0,"188":0,"189":0,"190":0,"191":0,"194":0,"196":0,"197":0,"200":0,"201":0,"204":0,"207":0,"208":0,"211":0,"212":0,"214":0,"216":0,"217":0,"218":0,"219":0,"220":0,"223":0,"224":0,"225":0,"226":0,"230":0,"232":0,"233":0,"235":0,"245":1,"246":0,"256":0,"257":0,"258":0,"259":0,"262":0,"264":0,"265":0,"267":0,"268":0,"271":0,"272":0,"274":0,"276":0,"277":0,"278":0,"279":0,"280":0,"283":0,"284":0,"285":0,"286":0,"290":0,"296":1,"297":0,"300":0,"305":0,"316":1,"317":0,"323":1}}}